TN:
SF:app/layout.tsx
FN:14,RootLayout
FNF:1
FNH:0
FNDA:0,RootLayout
DA:1,0
DA:3,0
DA:4,0
DA:5,0
DA:7,0
DA:9,0
DA:14,0
LF:7
LH:0
BRF:0
BRH:0
end_of_record
TN:
SF:app/page.tsx
FN:3,Home
FNF:1
FNH:0
FNDA:0,Home
DA:1,0
DA:3,0
LF:2
LH:0
BRF:0
BRH:0
end_of_record
TN:
SF:app/(auth)/layout.tsx
FN:7,AuthLayout
FN:15,(anonymous_2)
FNF:2
FNH:0
FNDA:0,AuthLayout
FNDA:0,(anonymous_2)
DA:3,0
DA:4,0
DA:5,0
DA:7,0
DA:12,0
DA:13,0
DA:15,0
DA:17,0
DA:18,0
DA:23,0
LF:10
LH:0
BRDA:17,0,0,0
BRDA:17,1,0,0
BRDA:17,1,1,0
BRDA:23,2,0,0
BRDA:23,3,0,0
BRDA:23,3,1,0
BRF:6
BRH:0
end_of_record
TN:
SF:app/(auth)/login/page-broken.tsx
FN:24,LoginPage
FN:35,(anonymous_6)
FN:43,(anonymous_7)
FN:51,(anonymous_8)
FN:51,(anonymous_9)
FN:55,(anonymous_10)
FN:62,(anonymous_11)
FN:85,(anonymous_12)
FN:111,(anonymous_13)
FN:201,(anonymous_14)
FNF:10
FNH:0
FNDA:0,LoginPage
FNDA:0,(anonymous_6)
FNDA:0,(anonymous_7)
FNDA:0,(anonymous_8)
FNDA:0,(anonymous_9)
FNDA:0,(anonymous_10)
FNDA:0,(anonymous_11)
FNDA:0,(anonymous_12)
FNDA:0,(anonymous_13)
FNDA:0,(anonymous_14)
DA:3,0
DA:4,0
DA:5,0
DA:6,0
DA:7,0
DA:8,0
DA:9,0
DA:10,0
DA:18,0
DA:24,0
DA:25,0
DA:26,0
DA:27,0
DA:29,0
DA:30,0
DA:31,0
DA:32,0
DA:35,0
DA:36,0
DA:37,0
DA:38,0
DA:43,0
DA:44,0
DA:45,0
DA:47,0
DA:51,0
DA:54,0
DA:55,0
DA:62,0
DA:63,0
DA:65,0
DA:66,0
DA:67,0
DA:71,0
DA:74,0
DA:75,0
DA:76,0
DA:77,0
DA:80,0
DA:81,0
DA:85,0
DA:86,0
DA:88,0
DA:89,0
DA:92,0
DA:93,0
DA:99,0
DA:100,0
DA:101,0
DA:102,0
DA:106,0
DA:111,0
DA:112,0
DA:113,0
DA:201,0
LF:55
LH:0
BRDA:36,0,0,0
BRDA:37,1,0,0
BRDA:37,1,1,0
BRDA:44,2,0,0
BRDA:54,3,0,0
BRDA:54,3,1,0
BRDA:65,4,0,0
BRDA:65,4,1,0
BRDA:67,5,0,0
BRDA:68,6,0,0
BRDA:68,6,1,0
BRDA:74,7,0,0
BRDA:74,7,1,0
BRDA:76,8,0,0
BRDA:88,9,0,0
BRDA:99,10,0,0
BRDA:101,11,0,0
BRDA:101,11,1,0
BRDA:112,12,0,0
BRDA:140,13,0,0
BRDA:183,14,0,0
BRDA:183,14,1,0
BRDA:202,15,0,0
BRDA:202,15,1,0
BRDA:206,16,0,0
BRF:25
BRH:0
end_of_record
TN:
SF:app/(auth)/login/page-simple.tsx
FN:5,SimpleLoginPage
FNF:1
FNH:0
FNDA:0,SimpleLoginPage
DA:3,0
DA:5,0
LF:2
LH:0
BRF:0
BRH:0
end_of_record
TN:
SF:app/(auth)/login/page.tsx
FN:10,LoginPage
FN:40,(anonymous_6)
FN:44,(anonymous_7)
FN:48,(anonymous_8)
FN:53,(anonymous_9)
FN:61,(anonymous_10)
FN:66,(anonymous_11)
FN:72,(anonymous_12)
FN:93,(anonymous_13)
FN:103,(anonymous_14)
FN:116,(anonymous_15)
FN:163,(anonymous_16)
FN:192,(anonymous_17)
FN:239,(anonymous_18)
FN:267,(anonymous_19)
FN:277,(anonymous_20)
FN:308,(anonymous_21)
FN:345,(anonymous_22)
FN:411,(anonymous_23)
FNF:19
FNH:14
FNDA:50,LoginPage
FNDA:35,(anonymous_6)
FNDA:32,(anonymous_7)
FNDA:26,(anonymous_8)
FNDA:26,(anonymous_9)
FNDA:26,(anonymous_10)
FNDA:26,(anonymous_11)
FNDA:5,(anonymous_12)
FNDA:5,(anonymous_13)
FNDA:0,(anonymous_14)
FNDA:5,(anonymous_15)
FNDA:0,(anonymous_16)
FNDA:0,(anonymous_17)
FNDA:9,(anonymous_18)
FNDA:6,(anonymous_19)
FNDA:2,(anonymous_20)
FNDA:2,(anonymous_21)
FNDA:0,(anonymous_22)
FNDA:0,(anonymous_23)
DA:3,1
DA:4,1
DA:5,1
DA:7,1
DA:8,1
DA:10,26
DA:11,50
DA:12,50
DA:24,50
DA:25,50
DA:28,50
DA:29,50
DA:30,50
DA:31,50
DA:32,50
DA:35,50
DA:36,50
DA:37,50
DA:40,50
DA:41,35
DA:44,50
DA:45,32
DA:48,50
DA:49,26
DA:53,50
DA:54,26
DA:55,2
DA:56,2
DA:61,50
DA:62,26
DA:66,50
DA:67,26
DA:68,0
DA:72,50
DA:73,5
DA:74,0
DA:78,5
DA:79,4
DA:80,4
DA:81,1
DA:85,1
DA:86,0
DA:90,4
DA:93,50
DA:94,5
DA:95,0
DA:97,5
DA:98,1
DA:100,4
DA:103,50
DA:104,0
DA:105,0
DA:107,0
DA:108,0
DA:110,0
DA:111,0
DA:113,0
DA:116,50
DA:117,5
DA:119,5
DA:120,0
DA:121,0
DA:125,5
DA:126,5
DA:127,5
DA:130,5
DA:131,5
DA:133,5
DA:134,1
DA:135,1
DA:138,4
DA:139,1
DA:140,1
DA:143,3
DA:144,0
DA:145,0
DA:148,3
DA:149,3
DA:155,3
DA:156,2
DA:163,50
DA:164,0
DA:166,0
DA:167,0
DA:168,0
DA:169,0
DA:172,0
DA:173,0
DA:174,0
DA:177,0
DA:178,0
DA:184,0
DA:185,0
DA:192,50
DA:193,0
DA:194,0
DA:239,9
DA:267,6
DA:277,2
DA:308,2
DA:345,0
DA:411,0
LF:102
LH:71
BRDA:41,0,0,0
BRDA:45,1,0,0
BRDA:49,2,0,0
BRDA:54,3,0,2
BRDA:55,4,0,2
BRDA:55,4,1,1
BRDA:67,5,0,0
BRDA:73,6,0,0
BRDA:78,7,0,4
BRDA:78,7,1,1
BRDA:80,8,0,1
BRDA:85,9,0,0
BRDA:94,10,0,0
BRDA:97,11,0,1
BRDA:104,12,0,0
BRDA:107,13,0,0
BRDA:110,14,0,0
BRDA:119,15,0,0
BRDA:133,16,0,1
BRDA:138,17,0,1
BRDA:143,18,0,0
BRDA:155,19,0,2
BRDA:156,20,0,0
BRDA:156,20,1,2
BRDA:167,21,0,0
BRDA:172,22,0,0
BRDA:184,23,0,0
BRDA:206,24,0,0
BRDA:206,24,1,50
BRDA:208,25,0,50
BRDA:213,26,0,50
BRDA:224,27,0,50
BRDA:240,28,0,50
BRDA:240,28,1,47
BRDA:243,29,0,1
BRDA:243,29,1,49
BRDA:244,30,0,1
BRDA:244,30,1,49
BRDA:246,31,0,50
BRDA:263,32,0,1
BRDA:263,32,1,49
BRDA:268,33,0,50
BRDA:268,33,1,47
BRDA:271,34,0,1
BRDA:271,34,1,49
BRDA:272,35,0,1
BRDA:272,35,1,49
BRDA:278,36,0,50
BRDA:278,36,1,47
BRDA:279,37,0,1
BRDA:279,37,1,49
BRDA:282,38,0,1
BRDA:293,39,0,50
BRDA:309,40,0,50
BRDA:309,40,1,47
BRDA:330,41,0,50
BRDA:349,42,0,0
BRDA:349,42,1,0
BRDA:350,43,0,0
BRDA:350,43,1,0
BRDA:352,44,0,0
BRDA:362,45,0,50
BRDA:374,46,0,4
BRDA:374,46,1,0
BRDA:376,47,0,0
BRDA:376,47,1,0
BRDA:389,48,0,50
BRDA:389,48,1,47
BRDA:392,49,0,3
BRDA:392,49,1,47
BRDA:398,50,0,0
BRDA:398,50,1,3
BRDA:401,51,0,0
BRDA:401,51,1,47
BRDA:407,52,0,50
BRF:75
BRH:48
end_of_record
TN:
SF:app/approval/authorization/page.tsx
FN:8,Authorization
FNF:1
FNH:0
FNDA:0,Authorization
DA:3,0
DA:8,0
LF:2
LH:0
BRF:0
BRH:0
end_of_record
TN:
SF:app/approval/dashboard/page.tsx
FN:23,ApprovalDashboard
FN:37,(anonymous_2)
FN:40,(anonymous_3)
FN:64,(anonymous_4)
FN:67,(anonymous_5)
FN:75,(anonymous_6)
FN:76,(anonymous_7)
FN:81,(anonymous_8)
FN:82,(anonymous_9)
FN:85,(anonymous_10)
FN:89,(anonymous_11)
FN:91,(anonymous_12)
FN:96,(anonymous_13)
FN:97,(anonymous_14)
FN:122,(anonymous_15)
FN:129,(anonymous_16)
FN:156,(anonymous_17)
FN:175,(anonymous_18)
FN:176,(anonymous_19)
FN:199,(anonymous_20)
FN:225,(anonymous_21)
FNF:21
FNH:0
FNDA:0,ApprovalDashboard
FNDA:0,(anonymous_2)
FNDA:0,(anonymous_3)
FNDA:0,(anonymous_4)
FNDA:0,(anonymous_5)
FNDA:0,(anonymous_6)
FNDA:0,(anonymous_7)
FNDA:0,(anonymous_8)
FNDA:0,(anonymous_9)
FNDA:0,(anonymous_10)
FNDA:0,(anonymous_11)
FNDA:0,(anonymous_12)
FNDA:0,(anonymous_13)
FNDA:0,(anonymous_14)
FNDA:0,(anonymous_15)
FNDA:0,(anonymous_16)
FNDA:0,(anonymous_17)
FNDA:0,(anonymous_18)
FNDA:0,(anonymous_19)
FNDA:0,(anonymous_20)
FNDA:0,(anonymous_21)
DA:4,0
DA:5,0
DA:6,0
DA:11,0
DA:12,0
DA:14,0
DA:17,0
DA:18,0
DA:19,0
DA:20,0
DA:21,0
DA:23,0
DA:25,0
DA:32,0
DA:33,0
DA:36,0
DA:38,0
DA:41,0
DA:51,0
DA:56,0
DA:61,0
DA:64,0
DA:65,0
DA:67,0
DA:68,0
DA:69,0
DA:70,0
DA:75,0
DA:76,0
DA:77,0
DA:81,0
DA:82,0
DA:83,0
DA:85,0
DA:89,0
DA:90,0
DA:91,0
DA:96,0
DA:97,0
DA:122,0
DA:129,0
DA:156,0
DA:175,0
DA:176,0
DA:199,0
DA:225,0
LF:46
LH:0
BRDA:65,0,0,0
BRDA:83,1,0,0
BRDA:83,1,1,0
BRDA:91,2,0,0
BRDA:91,2,1,0
BRDA:113,3,0,0
BRDA:113,3,1,0
BRDA:115,4,0,0
BRDA:115,4,1,0
BRDA:125,5,0,0
BRDA:125,5,1,0
BRDA:143,6,0,0
BRDA:142,7,0,0
BRDA:142,7,1,0
BRDA:160,8,0,0
BRDA:165,9,0,0
BRDA:165,9,1,0
BRDA:171,10,0,0
BRDA:187,11,0,0
BRDA:194,12,0,0
BRDA:210,13,0,0
BRDA:212,14,0,0
BRF:22
BRH:0
end_of_record
TN:
SF:app/approval/dashboard/components/ApprovalQueue.tsx
FN:38,(anonymous_2)
FN:49,(anonymous_3)
FN:170,(anonymous_4)
FN:207,(anonymous_5)
FN:212,(anonymous_6)
FN:222,(anonymous_7)
FN:229,(anonymous_8)
FN:254,(anonymous_9)
FN:265,(anonymous_10)
FN:272,(anonymous_11)
FN:285,(anonymous_12)
FNF:11
FNH:0
FNDA:0,(anonymous_2)
FNDA:0,(anonymous_3)
FNDA:0,(anonymous_4)
FNDA:0,(anonymous_5)
FNDA:0,(anonymous_6)
FNDA:0,(anonymous_7)
FNDA:0,(anonymous_8)
FNDA:0,(anonymous_9)
FNDA:0,(anonymous_10)
FNDA:0,(anonymous_11)
FNDA:0,(anonymous_12)
DA:3,0
DA:4,0
DA:17,0
DA:38,0
DA:39,0
DA:40,0
DA:49,0
DA:170,0
DA:178,0
DA:208,0
DA:212,0
DA:222,0
DA:229,0
DA:254,0
DA:266,0
DA:267,0
DA:269,0
DA:272,0
DA:285,0
LF:19
LH:0
BRDA:43,0,0,0
BRDA:43,0,1,0
BRDA:70,1,0,0
BRDA:123,2,0,0
BRDA:123,2,1,0
BRDA:124,3,0,0
BRDA:124,3,1,0
BRDA:132,4,0,0
BRDA:132,4,1,0
BRDA:133,5,0,0
BRDA:133,5,1,0
BRDA:153,6,0,0
BRDA:178,7,0,0
BRDA:178,8,0,0
BRDA:178,8,1,0
BRDA:218,9,0,0
BRDA:218,9,1,0
BRDA:267,10,0,0
BRDA:267,11,0,0
BRDA:267,11,1,0
BRDA:274,12,0,0
BRDA:274,12,1,0
BRF:22
BRH:0
end_of_record
TN:
SF:app/approval/dashboard/components/BulkActions.tsx
FN:16,(anonymous_4)
FN:33,(anonymous_5)
FN:40,(anonymous_6)
FN:94,(anonymous_7)
FN:98,(anonymous_8)
FN:130,(anonymous_9)
FN:148,(anonymous_10)
FN:166,(anonymous_11)
FN:209,(anonymous_12)
FN:230,(anonymous_13)
FN:244,(anonymous_14)
FN:254,(anonymous_15)
FNF:12
FNH:0
FNDA:0,(anonymous_4)
FNDA:0,(anonymous_5)
FNDA:0,(anonymous_6)
FNDA:0,(anonymous_7)
FNDA:0,(anonymous_8)
FNDA:0,(anonymous_9)
FNDA:0,(anonymous_10)
FNDA:0,(anonymous_11)
FNDA:0,(anonymous_12)
FNDA:0,(anonymous_13)
FNDA:0,(anonymous_14)
FNDA:0,(anonymous_15)
DA:3,0
DA:8,0
DA:16,0
DA:21,0
DA:22,0
DA:23,0
DA:24,0
DA:27,0
DA:28,0
DA:29,0
DA:31,0
DA:33,0
DA:34,0
DA:36,0
DA:37,0
DA:40,0
DA:41,0
DA:43,0
DA:46,0
DA:49,0
DA:57,0
DA:58,0
DA:60,0
DA:62,0
DA:65,0
DA:74,0
DA:75,0
DA:78,0
DA:81,0
DA:82,0
DA:83,0
DA:84,0
DA:85,0
DA:86,0
DA:89,0
DA:94,0
DA:96,0
DA:98,0
DA:100,0
DA:101,0
DA:102,0
DA:103,0
DA:104,0
DA:105,0
DA:106,0
DA:130,0
DA:148,0
DA:166,0
DA:209,0
DA:230,0
DA:244,0
DA:254,0
LF:52
LH:0
BRDA:31,0,0,0
BRDA:31,0,1,0
BRDA:31,0,2,0
BRDA:34,1,0,0
BRDA:41,2,0,0
BRDA:41,3,0,0
BRDA:41,3,1,0
BRDA:41,3,2,0
BRDA:46,4,0,0
BRDA:46,4,1,0
BRDA:46,4,2,0
BRDA:52,5,0,0
BRDA:52,5,1,0
BRDA:57,6,0,0
BRDA:57,6,1,0
BRDA:68,7,0,0
BRDA:68,7,1,0
BRDA:72,8,0,0
BRDA:72,8,1,0
BRDA:116,9,0,0
BRDA:116,9,1,0
BRDA:135,10,0,0
BRDA:153,11,0,0
BRDA:171,12,0,0
BRDA:200,13,0,0
BRDA:206,14,0,0
BRDA:206,14,1,0
BRDA:219,15,0,0
BRDA:219,15,1,0
BRDA:261,16,0,0
BRDA:261,16,1,0
BRDA:263,17,0,0
BRDA:263,17,1,0
BRDA:264,18,0,0
BRDA:264,18,1,0
BRDA:268,19,0,0
BRDA:268,19,1,0
BRDA:268,20,0,0
BRDA:268,20,1,0
BRF:39
BRH:0
end_of_record
TN:
SF:app/approval/dashboard/components/QueueFilters.tsx
FN:12,(anonymous_4)
FN:20,(anonymous_5)
FN:25,(anonymous_6)
FN:29,(anonymous_7)
FN:84,(anonymous_8)
FN:109,(anonymous_9)
FN:134,(anonymous_10)
FN:135,(anonymous_11)
FN:141,(anonymous_12)
FN:156,(anonymous_13)
FN:160,(anonymous_14)
FN:175,(anonymous_15)
FN:179,(anonymous_16)
FN:195,(anonymous_17)
FN:198,(anonymous_18)
FN:205,(anonymous_19)
FN:235,(anonymous_20)
FN:241,(anonymous_21)
FN:257,(anonymous_22)
FN:264,(anonymous_23)
FN:279,(anonymous_24)
FN:289,(anonymous_25)
FN:299,(anonymous_26)
FN:311,(anonymous_27)
FN:325,(anonymous_28)
FN:332,(anonymous_29)
FNF:26
FNH:0
FNDA:0,(anonymous_4)
FNDA:0,(anonymous_5)
FNDA:0,(anonymous_6)
FNDA:0,(anonymous_7)
FNDA:0,(anonymous_8)
FNDA:0,(anonymous_9)
FNDA:0,(anonymous_10)
FNDA:0,(anonymous_11)
FNDA:0,(anonymous_12)
FNDA:0,(anonymous_13)
FNDA:0,(anonymous_14)
FNDA:0,(anonymous_15)
FNDA:0,(anonymous_16)
FNDA:0,(anonymous_17)
FNDA:0,(anonymous_18)
FNDA:0,(anonymous_19)
FNDA:0,(anonymous_20)
FNDA:0,(anonymous_21)
FNDA:0,(anonymous_22)
FNDA:0,(anonymous_23)
FNDA:0,(anonymous_24)
FNDA:0,(anonymous_25)
FNDA:0,(anonymous_26)
FNDA:0,(anonymous_27)
FNDA:0,(anonymous_28)
FNDA:0,(anonymous_29)
DA:3,0
DA:12,0
DA:17,0
DA:18,0
DA:20,0
DA:21,0
DA:22,0
DA:25,0
DA:26,0
DA:29,0
DA:30,0
DA:31,0
DA:46,0
DA:54,0
DA:61,0
DA:68,0
DA:84,0
DA:109,0
DA:135,0
DA:136,0
DA:142,0
DA:156,0
DA:161,0
DA:175,0
DA:180,0
DA:195,0
DA:199,0
DA:205,0
DA:235,0
DA:241,0
DA:257,0
DA:264,0
DA:279,0
DA:290,0
DA:291,0
DA:300,0
DA:301,0
DA:302,0
DA:303,0
DA:312,0
DA:313,0
DA:314,0
DA:325,0
DA:332,0
LF:44
LH:0
BRDA:17,0,0,0
BRDA:17,0,1,0
BRDA:22,1,0,0
BRDA:22,1,1,0
BRDA:87,2,0,0
BRDA:87,2,1,0
BRDA:133,3,0,0
BRDA:133,3,1,0
BRDA:155,4,0,0
BRDA:155,4,1,0
BRDA:156,5,0,0
BRDA:156,5,1,0
BRDA:174,6,0,0
BRDA:174,6,1,0
BRDA:175,7,0,0
BRDA:175,7,1,0
BRDA:194,8,0,0
BRDA:194,8,1,0
BRDA:205,9,0,0
BRDA:205,9,1,0
BRDA:209,10,0,0
BRDA:223,11,0,0
BRDA:234,12,0,0
BRDA:234,12,1,0
BRDA:235,13,0,0
BRDA:235,13,1,0
BRDA:240,14,0,0
BRDA:240,14,1,0
BRDA:241,15,0,0
BRDA:241,15,1,0
BRDA:256,16,0,0
BRDA:256,16,1,0
BRDA:257,17,0,0
BRDA:257,17,1,0
BRDA:263,18,0,0
BRDA:263,18,1,0
BRDA:264,19,0,0
BRDA:264,19,1,0
BRDA:278,20,0,0
BRDA:278,20,1,0
BRDA:279,21,0,0
BRDA:279,21,1,0
BRF:42
BRH:0
end_of_record
TN:
SF:app/approval/dashboard/components/QueueStats.tsx
FN:18,(anonymous_2)
FN:75,(anonymous_3)
FNF:2
FNH:0
FNDA:0,(anonymous_2)
FNDA:0,(anonymous_3)
DA:3,0
DA:18,0
DA:22,0
DA:76,0
LF:4
LH:0
BRDA:25,0,0,0
BRDA:25,0,1,0
BRDA:25,0,2,0
BRDA:37,1,0,0
BRDA:37,1,1,0
BRDA:49,2,0,0
BRDA:49,2,1,0
BRDA:49,2,2,0
BRDA:61,3,0,0
BRDA:61,3,1,0
BRDA:61,3,2,0
BRDA:94,4,0,0
BRDA:94,4,1,0
BRDA:100,5,0,0
BRDA:127,6,0,0
BRDA:127,6,1,0
BRF:16
BRH:0
end_of_record
TN:
SF:app/approval/dashboard/components/RealTimeUpdates.tsx
FN:11,(anonymous_4)
FN:21,(anonymous_5)
FN:28,(anonymous_6)
FN:32,(anonymous_7)
FN:83,(anonymous_8)
FN:130,(anonymous_9)
FNF:6
FNH:0
FNDA:0,(anonymous_4)
FNDA:0,(anonymous_5)
FNDA:0,(anonymous_6)
FNDA:0,(anonymous_7)
FNDA:0,(anonymous_8)
FNDA:0,(anonymous_9)
DA:3,0
DA:11,0
DA:16,0
DA:17,0
DA:18,0
DA:21,0
DA:22,0
DA:23,0
DA:24,0
DA:25,0
DA:28,0
DA:29,0
DA:32,0
DA:33,0
DA:34,0
DA:35,0
DA:36,0
DA:38,0
DA:39,0
DA:40,0
DA:45,0
DA:46,0
DA:83,0
DA:130,0
LF:24
LH:0
BRDA:22,0,0,0
BRDA:22,0,1,0
BRDA:33,1,0,0
BRDA:33,1,1,0
BRDA:45,2,0,0
BRDA:45,3,0,0
BRDA:45,3,1,0
BRDA:52,4,0,0
BRDA:64,5,0,0
BRDA:96,6,0,0
BRDA:99,7,0,0
BRDA:99,7,1,0
BRDA:100,8,0,0
BRDA:100,8,1,0
BRDA:106,9,0,0
BRDA:110,10,0,0
BRDA:121,11,0,0
BRDA:121,11,1,0
BRDA:122,12,0,0
BRDA:122,12,1,0
BRDA:132,13,0,0
BRDA:132,13,1,0
BRDA:133,14,0,0
BRDA:133,14,1,0
BRDA:149,15,0,0
BRF:25
BRH:0
end_of_record
TN:
SF:app/approval/reports/page.tsx
FN:8,ApprovalReports
FNF:1
FNH:0
FNDA:0,ApprovalReports
DA:3,0
DA:8,0
LF:2
LH:0
BRF:0
BRH:0
end_of_record
TN:
SF:app/approval/review/page.tsx
FN:27,ReviewRequestPage
FN:36,(anonymous_2)
FN:107,(anonymous_3)
FN:225,(anonymous_4)
FN:235,(anonymous_5)
FN:250,(anonymous_6)
FN:301,(anonymous_7)
FNF:7
FNH:0
FNDA:0,ReviewRequestPage
FNDA:0,(anonymous_2)
FNDA:0,(anonymous_3)
FNDA:0,(anonymous_4)
FNDA:0,(anonymous_5)
FNDA:0,(anonymous_6)
FNDA:0,(anonymous_7)
DA:3,0
DA:4,0
DA:5,0
DA:9,0
DA:10,0
DA:14,0
DA:15,0
DA:16,0
DA:17,0
DA:18,0
DA:19,0
DA:20,0
DA:21,0
DA:27,0
DA:28,0
DA:29,0
DA:30,0
DA:32,0
DA:33,0
DA:36,0
DA:37,0
DA:38,0
DA:47,0
DA:49,0
DA:53,0
DA:63,0
DA:72,0
DA:89,0
DA:107,0
DA:108,0
DA:112,0
DA:121,0
DA:225,0
DA:235,0
DA:250,0
DA:302,0
LF:36
LH:0
BRDA:37,0,0,0
BRDA:53,1,0,0
BRDA:53,1,1,0
BRDA:54,2,0,0
BRDA:54,2,1,0
BRDA:55,3,0,0
BRDA:55,3,1,0
BRDA:56,4,0,0
BRDA:56,4,1,0
BRDA:57,5,0,0
BRDA:57,5,1,0
BRDA:58,6,0,0
BRDA:58,6,1,0
BRDA:63,7,0,0
BRDA:63,7,1,0
BRDA:64,8,0,0
BRDA:64,8,1,0
BRDA:65,9,0,0
BRDA:65,9,1,0
BRDA:67,10,0,0
BRDA:67,10,1,0
BRDA:72,11,0,0
BRDA:72,11,1,0
BRDA:89,12,0,0
BRDA:89,12,1,0
BRDA:112,13,0,0
BRDA:112,14,0,0
BRDA:112,14,1,0
BRDA:121,15,0,0
BRDA:164,16,0,0
BRDA:164,16,1,0
BRDA:165,17,0,0
BRDA:165,17,1,0
BRDA:174,18,0,0
BRDA:174,18,1,0
BRDA:227,19,0,0
BRDA:227,19,1,0
BRDA:237,20,0,0
BRDA:237,20,1,0
BRDA:243,21,0,0
BRDA:252,22,0,0
BRDA:252,22,1,0
BRDA:263,23,0,0
BRDA:272,24,0,0
BRDA:282,25,0,0
BRF:45
BRH:0
end_of_record
TN:
SF:app/approval/review/[workflowId]/page.tsx
FN:35,WorkflowReviewPage
FN:63,(anonymous_3)
FN:68,(anonymous_4)
FN:71,(anonymous_5)
FN:77,(anonymous_6)
FN:132,(anonymous_7)
FN:132,(anonymous_8)
FN:147,(anonymous_9)
FN:150,(anonymous_10)
FN:161,(anonymous_11)
FN:164,(anonymous_12)
FN:269,(anonymous_13)
FN:350,(anonymous_14)
FN:353,(anonymous_15)
FN:362,(anonymous_16)
FN:364,(anonymous_17)
FNF:16
FNH:0
FNDA:0,WorkflowReviewPage
FNDA:0,(anonymous_3)
FNDA:0,(anonymous_4)
FNDA:0,(anonymous_5)
FNDA:0,(anonymous_6)
FNDA:0,(anonymous_7)
FNDA:0,(anonymous_8)
FNDA:0,(anonymous_9)
FNDA:0,(anonymous_10)
FNDA:0,(anonymous_11)
FNDA:0,(anonymous_12)
FNDA:0,(anonymous_13)
FNDA:0,(anonymous_14)
FNDA:0,(anonymous_15)
FNDA:0,(anonymous_16)
FNDA:0,(anonymous_17)
DA:3,0
DA:4,0
DA:5,0
DA:6,0
DA:11,0
DA:12,0
DA:13,0
DA:22,0
DA:25,0
DA:26,0
DA:27,0
DA:28,0
DA:29,0
DA:30,0
DA:31,0
DA:32,0
DA:33,0
DA:35,0
DA:36,0
DA:37,0
DA:38,0
DA:40,0
DA:41,0
DA:49,0
DA:54,0
DA:59,0
DA:62,0
DA:64,0
DA:65,0
DA:66,0
DA:67,0
DA:68,0
DA:77,0
DA:78,0
DA:79,0
DA:83,0
DA:84,0
DA:86,0
DA:96,0
DA:124,0
DA:125,0
DA:127,0
DA:132,0
DA:148,0
DA:149,0
DA:150,0
DA:162,0
DA:164,0
DA:270,0
DA:351,0
DA:352,0
DA:353,0
DA:363,0
DA:364,0
LF:54
LH:0
BRDA:64,0,0,0
BRDA:78,1,0,0
BRDA:78,2,0,0
BRDA:78,2,1,0
BRDA:78,2,2,0
BRDA:84,3,0,0
BRDA:84,3,1,0
BRDA:86,4,0,0
BRDA:86,5,0,0
BRDA:86,5,1,0
BRDA:96,6,0,0
BRDA:96,7,0,0
BRDA:96,7,1,0
BRDA:131,8,0,0
BRDA:131,8,1,0
BRDA:131,9,0,0
BRDA:131,9,1,0
BRDA:132,10,0,0
BRDA:132,10,1,0
BRDA:166,11,0,0
BRDA:166,11,1,0
BRDA:174,12,0,0
BRDA:187,13,0,0
BRDA:218,14,0,0
BRDA:218,14,1,0
BRDA:218,15,0,0
BRDA:218,15,1,0
BRDA:219,16,0,0
BRDA:219,16,1,0
BRDA:222,17,0,0
BRDA:222,17,1,0
BRDA:222,18,0,0
BRDA:222,18,1,0
BRDA:223,19,0,0
BRDA:223,19,1,0
BRDA:236,20,0,0
BRDA:236,20,1,0
BRDA:237,21,0,0
BRDA:237,21,1,0
BRDA:243,22,0,0
BRDA:243,22,1,0
BRDA:244,23,0,0
BRDA:244,23,1,0
BRDA:247,24,0,0
BRDA:247,24,1,0
BRDA:248,25,0,0
BRDA:248,25,1,0
BRDA:272,26,0,0
BRDA:272,26,1,0
BRDA:273,27,0,0
BRDA:273,27,1,0
BRDA:297,28,0,0
BRDA:304,29,0,0
BRDA:311,30,0,0
BRDA:318,31,0,0
BRDA:325,32,0,0
BRDA:332,33,0,0
BRDA:360,34,0,0
BRDA:360,34,1,0
BRF:59
BRH:0
end_of_record
TN:
SF:app/approval/review/[workflowId]/components/ApprovalHistory.tsx
FN:36,(anonymous_4)
FN:40,(anonymous_5)
FN:44,(anonymous_6)
FN:55,(anonymous_7)
FN:116,(anonymous_8)
FN:135,(anonymous_9)
FN:170,(anonymous_10)
FN:187,(anonymous_11)
FN:188,(anonymous_12)
FN:189,(anonymous_13)
FN:204,(anonymous_14)
FN:215,(anonymous_15)
FN:228,(anonymous_16)
FN:267,(anonymous_17)
FN:327,(anonymous_18)
FN:365,(anonymous_19)
FN:399,(anonymous_20)
FN:415,(anonymous_21)
FNF:18
FNH:0
FNDA:0,(anonymous_4)
FNDA:0,(anonymous_5)
FNDA:0,(anonymous_6)
FNDA:0,(anonymous_7)
FNDA:0,(anonymous_8)
FNDA:0,(anonymous_9)
FNDA:0,(anonymous_10)
FNDA:0,(anonymous_11)
FNDA:0,(anonymous_12)
FNDA:0,(anonymous_13)
FNDA:0,(anonymous_14)
FNDA:0,(anonymous_15)
FNDA:0,(anonymous_16)
FNDA:0,(anonymous_17)
FNDA:0,(anonymous_18)
FNDA:0,(anonymous_19)
FNDA:0,(anonymous_20)
FNDA:0,(anonymous_21)
DA:3,0
DA:5,0
DA:36,0
DA:37,0
DA:40,0
DA:41,0
DA:44,0
DA:49,0
DA:50,0
DA:52,0
DA:53,0
DA:55,0
DA:56,0
DA:116,0
DA:117,0
DA:119,0
DA:121,0
DA:123,0
DA:125,0
DA:127,0
DA:129,0
DA:131,0
DA:135,0
DA:136,0
DA:170,0
DA:171,0
DA:173,0
DA:175,0
DA:177,0
DA:181,0
DA:187,0
DA:188,0
DA:189,0
DA:193,0
DA:204,0
DA:215,0
DA:228,0
DA:268,0
DA:327,0
DA:366,0
DA:400,0
DA:416,0
LF:42
LH:0
BRDA:117,0,0,0
BRDA:117,0,1,0
BRDA:117,0,2,0
BRDA:117,0,3,0
BRDA:117,0,4,0
BRDA:117,0,5,0
BRDA:117,0,6,0
BRDA:171,1,0,0
BRDA:171,1,1,0
BRDA:171,1,2,0
BRDA:183,2,0,0
BRDA:183,2,1,0
BRDA:234,3,0,0
BRDA:234,3,1,0
BRDA:270,4,0,0
BRDA:276,5,0,0
BRDA:276,5,1,0
BRDA:291,6,0,0
BRDA:306,7,0,0
BRDA:313,8,0,0
BRDA:313,8,1,0
BRDA:324,9,0,0
BRDA:328,10,0,0
BRDA:328,10,1,0
BRDA:332,11,0,0
BRDA:332,11,1,0
BRDA:335,12,0,0
BRDA:353,13,0,0
BRDA:353,13,1,0
BRDA:361,14,0,0
BRDA:361,14,1,0
BRDA:383,15,0,0
BRDA:383,15,1,0
BRDA:430,16,0,0
BRF:34
BRH:0
end_of_record
TN:
SF:app/approval/review/[workflowId]/components/ComplianceFlags.tsx
FN:13,(anonymous_4)
FN:23,(anonymous_5)
FN:52,(anonymous_6)
FN:65,(anonymous_7)
FN:100,(anonymous_8)
FN:114,(anonymous_9)
FN:122,(anonymous_10)
FN:123,(anonymous_11)
FN:124,(anonymous_12)
FN:125,(anonymous_13)
FN:143,(anonymous_14)
FN:151,(anonymous_15)
FN:205,(anonymous_16)
FN:215,(anonymous_17)
FNF:14
FNH:0
FNDA:0,(anonymous_4)
FNDA:0,(anonymous_5)
FNDA:0,(anonymous_6)
FNDA:0,(anonymous_7)
FNDA:0,(anonymous_8)
FNDA:0,(anonymous_9)
FNDA:0,(anonymous_10)
FNDA:0,(anonymous_11)
FNDA:0,(anonymous_12)
FNDA:0,(anonymous_13)
FNDA:0,(anonymous_14)
FNDA:0,(anonymous_15)
FNDA:0,(anonymous_16)
FNDA:0,(anonymous_17)
DA:3,0
DA:5,0
DA:13,0
DA:18,0
DA:19,0
DA:21,0
DA:23,0
DA:24,0
DA:52,0
DA:53,0
DA:55,0
DA:57,0
DA:59,0
DA:61,0
DA:65,0
DA:66,0
DA:100,0
DA:102,0
DA:103,0
DA:107,0
DA:108,0
DA:111,0
DA:114,0
DA:115,0
DA:116,0
DA:117,0
DA:120,0
DA:122,0
DA:123,0
DA:124,0
DA:125,0
DA:143,0
DA:151,0
DA:206,0
DA:216,0
LF:35
LH:0
BRDA:53,0,0,0
BRDA:53,0,1,0
BRDA:53,0,2,0
BRDA:53,0,3,0
BRDA:102,1,0,0
BRDA:102,2,0,0
BRDA:102,2,1,0
BRDA:107,3,0,0
BRDA:107,4,0,0
BRDA:107,4,1,0
BRDA:115,5,0,0
BRDA:125,6,0,0
BRDA:125,6,1,0
BRDA:189,7,0,0
BRDA:189,7,1,0
BRDA:198,8,0,0
BRDA:198,8,1,0
BRDA:219,9,0,0
BRDA:219,9,1,0
BRDA:231,10,0,0
BRDA:231,10,1,0
BRDA:232,11,0,0
BRDA:232,11,1,0
BRDA:233,12,0,0
BRDA:233,12,1,0
BRDA:238,13,0,0
BRDA:238,13,1,0
BRDA:247,14,0,0
BRDA:254,15,0,0
BRDA:261,16,0,0
BRDA:261,16,1,0
BRDA:268,17,0,0
BRDA:268,17,1,0
BRDA:268,17,2,0
BRDA:288,18,0,0
BRDA:297,19,0,0
BRDA:297,19,1,0
BRDA:298,20,0,0
BRF:38
BRH:0
end_of_record
TN:
SF:app/approval/review/[workflowId]/components/CustomerVerification.tsx
FN:12,(anonymous_2)
FN:104,(anonymous_3)
FN:180,(anonymous_4)
FNF:3
FNH:0
FNDA:0,(anonymous_2)
FNDA:0,(anonymous_3)
FNDA:0,(anonymous_4)
DA:3,0
DA:5,0
DA:12,0
DA:15,0
DA:105,0
DA:181,0
LF:6
LH:0
BRDA:38,0,0,0
BRDA:62,1,0,0
BRDA:62,1,1,0
BRDA:63,2,0,0
BRDA:63,2,1,0
BRDA:111,3,0,0
BRDA:111,3,1,0
BRDA:112,4,0,0
BRDA:112,4,1,0
BRDA:123,5,0,0
BRDA:123,5,1,0
BRDA:124,6,0,0
BRDA:124,6,1,0
BRDA:125,7,0,0
BRDA:125,7,1,0
BRDA:150,8,0,0
BRDA:150,8,1,0
BRDA:151,9,0,0
BRDA:151,9,1,0
BRDA:159,10,0,0
BRDA:176,11,0,0
BRF:21
BRH:0
end_of_record
TN:
SF:app/approval/review/[workflowId]/components/DecisionPanel.tsx
FN:19,(anonymous_4)
FN:40,(anonymous_5)
FN:48,(anonymous_6)
FN:55,(anonymous_7)
FN:56,(anonymous_8)
FN:59,(anonymous_9)
FN:64,(anonymous_10)
FN:200,(anonymous_11)
FN:215,(anonymous_12)
FN:261,(anonymous_13)
FN:279,(anonymous_14)
FN:283,(anonymous_15)
FN:300,(anonymous_16)
FN:303,(anonymous_17)
FN:353,(anonymous_18)
FN:375,(anonymous_19)
FN:385,(anonymous_20)
FNF:17
FNH:0
FNDA:0,(anonymous_4)
FNDA:0,(anonymous_5)
FNDA:0,(anonymous_6)
FNDA:0,(anonymous_7)
FNDA:0,(anonymous_8)
FNDA:0,(anonymous_9)
FNDA:0,(anonymous_10)
FNDA:0,(anonymous_11)
FNDA:0,(anonymous_12)
FNDA:0,(anonymous_13)
FNDA:0,(anonymous_14)
FNDA:0,(anonymous_15)
FNDA:0,(anonymous_16)
FNDA:0,(anonymous_17)
FNDA:0,(anonymous_18)
FNDA:0,(anonymous_19)
FNDA:0,(anonymous_20)
DA:3,0
DA:10,0
DA:19,0
DA:25,0
DA:26,0
DA:27,0
DA:28,0
DA:29,0
DA:30,0
DA:33,0
DA:34,0
DA:35,0
DA:36,0
DA:38,0
DA:40,0
DA:41,0
DA:42,0
DA:43,0
DA:44,0
DA:45,0
DA:48,0
DA:49,0
DA:50,0
DA:51,0
DA:55,0
DA:56,0
DA:59,0
DA:60,0
DA:61,0
DA:64,0
DA:65,0
DA:67,0
DA:68,0
DA:78,0
DA:80,0
DA:81,0
DA:83,0
DA:84,0
DA:86,0
DA:92,0
DA:94,0
DA:95,0
DA:97,0
DA:98,0
DA:101,0
DA:104,0
DA:105,0
DA:106,0
DA:107,0
DA:108,0
DA:109,0
DA:112,0
DA:117,0
DA:201,0
DA:202,0
DA:205,0
DA:212,0
DA:215,0
DA:261,0
DA:280,0
DA:283,0
DA:300,0
DA:303,0
DA:353,0
DA:375,0
DA:385,0
LF:66
LH:0
BRDA:38,0,0,0
BRDA:38,0,1,0
BRDA:38,0,2,0
BRDA:38,0,3,0
BRDA:49,1,0,0
BRDA:49,2,0,0
BRDA:49,2,1,0
BRDA:60,3,0,0
BRDA:60,4,0,0
BRDA:60,4,1,0
BRDA:65,5,0,0
BRDA:65,6,0,0
BRDA:65,6,1,0
BRDA:65,6,2,0
BRDA:72,7,0,0
BRDA:72,7,1,0
BRDA:78,8,0,0
BRDA:78,8,1,0
BRDA:78,8,2,0
BRDA:78,8,3,0
BRDA:78,8,4,0
BRDA:187,9,0,0
BRDA:202,10,0,0
BRDA:205,11,0,0
BRDA:205,11,1,0
BRDA:205,11,2,0
BRDA:205,11,3,0
BRDA:205,11,4,0
BRDA:205,11,5,0
BRDA:205,11,6,0
BRDA:205,11,7,0
BRDA:205,11,8,0
BRDA:205,11,9,0
BRDA:205,11,10,0
BRDA:216,12,0,0
BRDA:216,12,1,0
BRDA:218,13,0,0
BRDA:218,13,1,0
BRDA:222,14,0,0
BRDA:222,14,1,0
BRDA:227,15,0,0
BRDA:227,15,1,0
BRDA:241,16,0,0
BRDA:252,17,0,0
BRDA:270,18,0,0
BRDA:277,19,0,0
BRDA:303,20,0,0
BRDA:303,20,1,0
BRDA:319,21,0,0
BRDA:319,21,1,0
BRDA:321,22,0,0
BRDA:321,22,1,0
BRDA:324,23,0,0
BRDA:324,23,1,0
BRDA:333,24,0,0
BRDA:333,24,1,0
BRDA:344,25,0,0
BRDA:344,25,1,0
BRDA:392,26,0,0
BRDA:392,26,1,0
BRDA:394,27,0,0
BRDA:394,27,1,0
BRDA:397,28,0,0
BRDA:397,28,1,0
BRF:64
BRH:0
end_of_record
TN:
SF:app/approval/review/[workflowId]/components/RiskAssessment.tsx
FN:13,(anonymous_4)
FN:23,(anonymous_5)
FN:30,(anonymous_6)
FN:59,(anonymous_7)
FN:88,(anonymous_8)
FN:94,(anonymous_9)
FN:111,(anonymous_10)
FN:183,(anonymous_11)
FN:210,(anonymous_12)
FN:226,(anonymous_13)
FN:233,(anonymous_14)
FN:254,(anonymous_15)
FN:270,(anonymous_16)
FN:277,(anonymous_17)
FN:318,(anonymous_18)
FNF:15
FNH:0
FNDA:0,(anonymous_4)
FNDA:0,(anonymous_5)
FNDA:0,(anonymous_6)
FNDA:0,(anonymous_7)
FNDA:0,(anonymous_8)
FNDA:0,(anonymous_9)
FNDA:0,(anonymous_10)
FNDA:0,(anonymous_11)
FNDA:0,(anonymous_12)
FNDA:0,(anonymous_13)
FNDA:0,(anonymous_14)
FNDA:0,(anonymous_15)
FNDA:0,(anonymous_16)
FNDA:0,(anonymous_17)
FNDA:0,(anonymous_18)
DA:3,0
DA:5,0
DA:13,0
DA:18,0
DA:19,0
DA:21,0
DA:23,0
DA:24,0
DA:25,0
DA:26,0
DA:27,0
DA:30,0
DA:31,0
DA:59,0
DA:60,0
DA:88,0
DA:89,0
DA:90,0
DA:91,0
DA:94,0
DA:95,0
DA:96,0
DA:97,0
DA:111,0
DA:184,0
DA:210,0
DA:227,0
DA:234,0
DA:254,0
DA:271,0
DA:278,0
DA:319,0
LF:32
LH:0
BRDA:24,0,0,0
BRDA:25,1,0,0
BRDA:26,2,0,0
BRDA:89,3,0,0
BRDA:95,4,0,0
BRDA:117,5,0,0
BRDA:117,5,1,0
BRDA:147,6,0,0
BRDA:147,6,1,0
BRDA:148,7,0,0
BRDA:148,7,1,0
BRDA:149,8,0,0
BRDA:149,8,1,0
BRDA:173,9,0,0
BRDA:210,10,0,0
BRDA:210,10,1,0
BRDA:215,11,0,0
BRDA:215,11,1,0
BRDA:224,12,0,0
BRDA:254,13,0,0
BRDA:254,13,1,0
BRDA:259,14,0,0
BRDA:259,14,1,0
BRDA:268,15,0,0
BRDA:279,16,0,0
BRDA:279,16,1,0
BRDA:280,17,0,0
BRDA:280,17,1,0
BRDA:281,18,0,0
BRDA:281,18,1,0
BRDA:288,19,0,0
BRDA:308,20,0,0
BRDA:332,21,0,0
BRDA:351,22,0,0
BRDA:351,22,1,0
BRDA:352,23,0,0
BRDA:352,23,1,0
BRF:37
BRH:0
end_of_record
TN:
SF:app/approval/review/[workflowId]/components/SupportingDocuments.tsx
FN:13,(anonymous_4)
FN:23,(anonymous_5)
FN:58,(anonymous_6)
FN:72,(anonymous_7)
FN:83,(anonymous_8)
FN:95,(anonymous_9)
FN:97,(anonymous_10)
FN:128,(anonymous_11)
FN:153,(anonymous_12)
FN:180,(anonymous_13)
FN:244,(anonymous_14)
FNF:11
FNH:0
FNDA:0,(anonymous_4)
FNDA:0,(anonymous_5)
FNDA:0,(anonymous_6)
FNDA:0,(anonymous_7)
FNDA:0,(anonymous_8)
FNDA:0,(anonymous_9)
FNDA:0,(anonymous_10)
FNDA:0,(anonymous_11)
FNDA:0,(anonymous_12)
FNDA:0,(anonymous_13)
FNDA:0,(anonymous_14)
DA:3,0
DA:5,0
DA:13,0
DA:18,0
DA:19,0
DA:21,0
DA:23,0
DA:24,0
DA:58,0
DA:59,0
DA:72,0
DA:73,0
DA:80,0
DA:83,0
DA:85,0
DA:88,0
DA:95,0
DA:96,0
DA:97,0
DA:129,0
DA:154,0
DA:180,0
DA:244,0
LF:23
LH:0
BRDA:66,0,0,0
BRDA:66,0,1,0
BRDA:80,1,0,0
BRDA:80,1,1,0
BRDA:114,2,0,0
BRDA:140,3,0,0
BRDA:140,3,1,0
BRDA:172,4,0,0
BRDA:204,5,0,0
BRDA:209,6,0,0
BRDA:209,6,1,0
BRDA:212,7,0,0
BRDA:215,8,0,0
BRDA:219,9,0,0
BRDA:231,10,0,0
BRF:15
BRH:0
end_of_record
TN:
SF:app/approval/review/[workflowId]/components/TransactionAnalysis.tsx
FN:13,(anonymous_4)
FN:24,(anonymous_5)
FN:61,(anonymous_6)
FN:76,(anonymous_7)
FN:101,(anonymous_8)
FN:102,(anonymous_9)
FN:103,(anonymous_10)
FN:105,(anonymous_11)
FN:114,(anonymous_12)
FN:115,(anonymous_13)
FN:116,(anonymous_14)
FN:117,(anonymous_15)
FN:118,(anonymous_16)
FN:134,(anonymous_17)
FN:144,(anonymous_18)
FN:223,(anonymous_19)
FN:299,(anonymous_20)
FNF:17
FNH:0
FNDA:0,(anonymous_4)
FNDA:0,(anonymous_5)
FNDA:0,(anonymous_6)
FNDA:0,(anonymous_7)
FNDA:0,(anonymous_8)
FNDA:0,(anonymous_9)
FNDA:0,(anonymous_10)
FNDA:0,(anonymous_11)
FNDA:0,(anonymous_12)
FNDA:0,(anonymous_13)
FNDA:0,(anonymous_14)
FNDA:0,(anonymous_15)
FNDA:0,(anonymous_16)
FNDA:0,(anonymous_17)
FNDA:0,(anonymous_18)
FNDA:0,(anonymous_19)
FNDA:0,(anonymous_20)
DA:3,0
DA:5,0
DA:13,0
DA:18,0
DA:19,0
DA:21,0
DA:22,0
DA:24,0
DA:25,0
DA:61,0
DA:62,0
DA:76,0
DA:77,0
DA:99,0
DA:100,0
DA:101,0
DA:102,0
DA:103,0
DA:105,0
DA:106,0
DA:107,0
DA:109,0
DA:112,0
DA:114,0
DA:115,0
DA:116,0
DA:117,0
DA:118,0
DA:134,0
DA:144,0
DA:224,0
DA:300,0
LF:32
LH:0
BRDA:70,0,0,0
BRDA:70,0,1,0
BRDA:100,1,0,0
BRDA:100,1,1,0
BRDA:106,2,0,0
BRDA:106,3,0,0
BRDA:106,3,1,0
BRDA:115,4,0,0
BRDA:115,4,1,0
BRDA:209,5,0,0
BRDA:209,5,1,0
BRDA:289,6,0,0
BRDA:306,7,0,0
BRDA:306,7,1,0
BRDA:312,8,0,0
BRDA:325,9,0,0
BRDA:325,9,1,0
BRDA:326,10,0,0
BRDA:326,10,1,0
BRDA:329,11,0,0
BRDA:329,11,1,0
BRF:21
BRH:0
end_of_record
TN:
SF:app/approval/review/[workflowId]/components/WorkflowComments.tsx
FN:15,(anonymous_4)
FN:29,(anonymous_5)
FN:50,(anonymous_6)
FN:54,(anonymous_7)
FN:55,(anonymous_8)
FN:73,(anonymous_9)
FN:99,(anonymous_10)
FN:131,(anonymous_11)
FN:143,(anonymous_12)
FN:169,(anonymous_13)
FN:180,(anonymous_14)
FN:184,(anonymous_15)
FN:199,(anonymous_16)
FN:222,(anonymous_17)
FN:259,(anonymous_18)
FN:267,(anonymous_19)
FN:267,(anonymous_20)
FNF:17
FNH:0
FNDA:0,(anonymous_4)
FNDA:0,(anonymous_5)
FNDA:0,(anonymous_6)
FNDA:0,(anonymous_7)
FNDA:0,(anonymous_8)
FNDA:0,(anonymous_9)
FNDA:0,(anonymous_10)
FNDA:0,(anonymous_11)
FNDA:0,(anonymous_12)
FNDA:0,(anonymous_13)
FNDA:0,(anonymous_14)
FNDA:0,(anonymous_15)
FNDA:0,(anonymous_16)
FNDA:0,(anonymous_17)
FNDA:0,(anonymous_18)
FNDA:0,(anonymous_19)
FNDA:0,(anonymous_20)
DA:3,0
DA:5,0
DA:6,0
DA:15,0
DA:21,0
DA:22,0
DA:23,0
DA:24,0
DA:25,0
DA:27,0
DA:29,0
DA:30,0
DA:31,0
DA:33,0
DA:34,0
DA:41,0
DA:42,0
DA:43,0
DA:44,0
DA:46,0
DA:50,0
DA:51,0
DA:54,0
DA:55,0
DA:56,0
DA:59,0
DA:73,0
DA:100,0
DA:132,0
DA:144,0
DA:169,0
DA:181,0
DA:184,0
DA:199,0
DA:260,0
DA:267,0
LF:36
LH:0
BRDA:31,0,0,0
BRDA:31,1,0,0
BRDA:31,1,1,0
BRDA:38,2,0,0
BRDA:38,2,1,0
BRDA:70,3,0,0
BRDA:70,3,1,0
BRDA:75,4,0,0
BRDA:75,4,1,0
BRDA:80,5,0,0
BRDA:80,5,1,0
BRDA:89,6,0,0
BRDA:89,6,1,0
BRDA:116,7,0,0
BRDA:129,8,0,0
BRDA:141,9,0,0
BRDA:165,10,0,0
BRDA:170,11,0,0
BRDA:170,11,1,0
BRDA:177,12,0,0
BRDA:234,13,0,0
BRDA:234,13,1,0
BRDA:234,13,2,0
BRDA:238,14,0,0
BRDA:256,15,0,0
BRF:25
BRH:0
end_of_record
TN:
SF:app/approval/review/[workflowId]/components/WorkflowHeader.tsx
FN:26,(anonymous_2)
FNF:1
FNH:0
FNDA:0,(anonymous_2)
DA:3,0
DA:4,0
DA:11,0
DA:26,0
LF:4
LH:0
BRDA:63,0,0,0
BRDA:109,1,0,0
BRDA:109,1,1,0
BRDA:111,2,0,0
BRDA:111,2,1,0
BRDA:128,3,0,0
BRDA:147,4,0,0
BRDA:147,4,1,0
BRDA:148,5,0,0
BRDA:148,5,1,0
BRDA:157,6,0,0
BRDA:157,6,1,0
BRDA:158,7,0,0
BRDA:158,7,1,0
BRDA:167,8,0,0
BRDA:167,8,1,0
BRF:16
BRH:0
end_of_record
TN:
SF:app/approval/review/components/AgentInformationPanel.tsx
FN:11,(anonymous_1)
FNF:1
FNH:0
FNDA:0,(anonymous_1)
DA:11,0
DA:12,0
DA:26,0
LF:3
LH:0
BRDA:12,0,0,0
BRDA:34,1,0,0
BRDA:34,1,1,0
BRDA:34,1,2,0
BRDA:38,2,0,0
BRDA:38,2,1,0
BRDA:42,3,0,0
BRDA:42,3,1,0
BRDA:42,3,2,0
BRDA:46,4,0,0
BRDA:46,4,1,0
BRDA:52,5,0,0
BRDA:52,5,1,0
BRDA:53,6,0,0
BRDA:53,6,1,0
BRDA:56,7,0,0
BRDA:56,7,1,0
BRDA:62,8,0,0
BRDA:62,8,1,0
BRF:19
BRH:0
end_of_record
TN:
SF:app/approval/review/components/CustomerVerificationPanel.tsx
FN:11,(anonymous_1)
FNF:1
FNH:0
FNDA:0,(anonymous_1)
DA:11,0
DA:12,0
DA:26,0
LF:3
LH:0
BRDA:12,0,0,0
BRDA:34,1,0,0
BRDA:34,1,1,0
BRDA:34,1,2,0
BRDA:38,2,0,0
BRDA:38,2,1,0
BRDA:42,3,0,0
BRDA:42,3,1,0
BRDA:42,3,2,0
BRDA:46,4,0,0
BRDA:46,4,1,0
BRDA:46,4,2,0
BRDA:50,5,0,0
BRDA:50,5,1,0
BRDA:50,5,2,0
BRDA:56,6,0,0
BRDA:56,6,1,0
BRDA:57,7,0,0
BRDA:57,7,1,0
BRDA:60,8,0,0
BRDA:60,8,1,0
BRF:21
BRH:0
end_of_record
TN:
SF:app/approval/review/components/RequestDetailsPanel.tsx
FN:10,(anonymous_1)
FNF:1
FNH:0
FNDA:0,(anonymous_1)
DA:10,0
DA:11,0
LF:2
LH:0
BRDA:11,0,0,0
BRDA:40,1,0,0
BRDA:40,1,1,0
BRDA:47,2,0,0
BRDA:47,2,1,0
BRDA:48,3,0,0
BRDA:48,3,1,0
BRDA:49,4,0,0
BRDA:49,4,1,0
BRDA:66,5,0,0
BRDA:66,5,1,0
BRDA:67,6,0,0
BRDA:67,6,1,0
BRDA:70,7,0,0
BRDA:70,7,1,0
BRDA:88,8,0,0
BRF:16
BRH:0
end_of_record
TN:
SF:app/approval/review/components/ReviewActionPanel.tsx
FN:18,(anonymous_1)
FN:32,(anonymous_2)
FN:92,(anonymous_4)
FN:197,(anonymous_5)
FN:212,(anonymous_6)
FN:220,(anonymous_7)
FN:227,(anonymous_8)
FNF:7
FNH:0
FNDA:0,(anonymous_1)
FNDA:0,(anonymous_2)
FNDA:0,(anonymous_4)
FNDA:0,(anonymous_5)
FNDA:0,(anonymous_6)
FNDA:0,(anonymous_7)
FNDA:0,(anonymous_8)
DA:3,0
DA:10,0
DA:18,0
DA:19,0
DA:20,0
DA:21,0
DA:22,0
DA:25,0
DA:26,0
DA:27,0
DA:28,0
DA:30,0
DA:32,0
DA:33,0
DA:34,0
DA:35,0
DA:38,0
DA:39,0
DA:48,0
DA:50,0
DA:51,0
DA:53,0
DA:54,0
DA:56,0
DA:61,0
DA:63,0
DA:64,0
DA:67,0
DA:68,0
DA:69,0
DA:70,0
DA:71,0
DA:72,0
DA:75,0
DA:76,0
DA:93,0
DA:94,0
DA:197,0
DA:212,0
DA:220,0
DA:228,0
DA:229,0
DA:230,0
DA:231,0
LF:44
LH:0
BRDA:30,0,0,0
BRDA:30,0,1,0
BRDA:30,0,2,0
BRDA:30,0,3,0
BRDA:33,1,0,0
BRDA:44,2,0,0
BRDA:44,2,1,0
BRDA:48,3,0,0
BRDA:48,3,1,0
BRDA:48,3,2,0
BRDA:48,3,3,0
BRDA:67,4,0,0
BRDA:67,5,0,0
BRDA:67,5,1,0
BRDA:113,6,0,0
BRDA:113,6,1,0
BRDA:119,7,0,0
BRDA:119,7,1,0
BRDA:125,8,0,0
BRDA:125,8,1,0
BRDA:126,9,0,0
BRDA:126,9,1,0
BRDA:129,10,0,0
BRDA:129,10,1,0
BRDA:182,11,0,0
BRDA:182,11,1,0
BRDA:221,12,0,0
BRDA:221,12,1,0
BRDA:224,13,0,0
BRDA:224,13,1,0
BRF:30
BRH:0
end_of_record
TN:
SF:app/approval/review/components/ReviewBreadcrumb.tsx
FN:10,(anonymous_1)
FNF:1
FNH:0
FNDA:0,(anonymous_1)
DA:10,0
LF:1
LH:0
BRF:0
BRH:0
end_of_record
TN:
SF:app/approval/review/components/RiskAssessmentPanel.tsx
FN:11,(anonymous_1)
FN:52,(anonymous_2)
FN:72,(anonymous_3)
FNF:3
FNH:0
FNDA:0,(anonymous_1)
FNDA:0,(anonymous_2)
FNDA:0,(anonymous_3)
DA:11,0
DA:12,0
DA:53,0
DA:73,0
LF:4
LH:0
BRDA:23,0,0,0
BRDA:23,0,1,0
BRDA:24,1,0,0
BRDA:24,1,1,0
BRDA:25,2,0,0
BRDA:25,2,1,0
BRDA:28,3,0,0
BRDA:28,3,1,0
BRDA:36,4,0,0
BRDA:36,4,1,0
BRDA:43,5,0,0
BRDA:43,5,1,0
BRDA:48,6,0,0
BRDA:48,6,1,0
BRDA:56,7,0,0
BRDA:56,7,1,0
BRDA:57,8,0,0
BRDA:57,8,1,0
BRDA:68,9,0,0
BRDA:68,9,1,0
BRF:20
BRH:0
end_of_record
TN:
SF:app/approval/review/components/SupportingDocumentsViewer.tsx
FN:13,(anonymous_1)
FN:25,(anonymous_2)
FN:41,(anonymous_3)
FN:49,(anonymous_4)
FN:109,(anonymous_5)
FNF:5
FNH:0
FNDA:0,(anonymous_1)
FNDA:0,(anonymous_2)
FNDA:0,(anonymous_3)
FNDA:0,(anonymous_4)
FNDA:0,(anonymous_5)
DA:13,0
DA:20,0
DA:26,0
DA:33,0
DA:42,0
DA:49,0
DA:109,0
LF:7
LH:0
BRDA:20,0,0,0
BRDA:33,1,0,0
BRDA:33,1,1,0
BRDA:40,2,0,0
BRDA:39,3,0,0
BRDA:39,3,1,0
BRDA:45,4,0,0
BRDA:45,4,1,0
BRDA:50,5,0,0
BRDA:50,5,1,0
BRDA:56,6,0,0
BRDA:55,7,0,0
BRDA:55,7,1,0
BRDA:67,8,0,0
BRDA:67,8,1,0
BRDA:70,9,0,0
BRDA:70,9,1,0
BRDA:70,9,2,0
BRDA:73,10,0,0
BRDA:73,10,1,0
BRDA:78,11,0,0
BRDA:81,12,0,0
BRDA:81,12,1,0
BRDA:82,13,0,0
BRDA:82,13,1,0
BRDA:43,14,0,0
BRDA:43,14,1,0
BRDA:102,15,0,0
BRF:28
BRH:0
end_of_record
TN:
SF:app/approval/review/components/TransactionContextPanel.tsx
FN:13,(anonymous_1)
FN:25,(anonymous_2)
FN:67,(anonymous_3)
FNF:3
FNH:0
FNDA:0,(anonymous_1)
FNDA:0,(anonymous_2)
FNDA:0,(anonymous_3)
DA:13,0
DA:20,0
DA:26,0
DA:33,0
DA:34,0
DA:68,0
LF:6
LH:0
BRDA:18,0,0,0
BRDA:20,1,0,0
BRDA:33,2,0,0
BRDA:33,2,1,0
BRDA:34,3,0,0
BRDA:34,3,1,0
BRDA:39,4,0,0
BRDA:39,4,1,0
BRDA:47,5,0,0
BRDA:47,5,1,0
BRDA:53,6,0,0
BRDA:53,6,1,0
BRDA:59,7,0,0
BRDA:59,7,1,0
BRDA:66,8,0,0
BRDA:65,9,0,0
BRDA:65,9,1,0
BRDA:71,10,0,0
BRDA:71,10,1,0
BRDA:72,11,0,0
BRDA:72,11,1,0
BRDA:77,12,0,0
BRDA:77,12,1,0
BRDA:80,13,0,0
BRDA:80,13,1,0
BRDA:86,14,0,0
BRDA:86,14,1,0
BRDA:88,15,0,0
BRDA:88,15,1,0
BRDA:88,16,0,0
BRDA:88,16,1,0
BRDA:91,17,0,0
BRDA:91,17,1,0
BRDA:92,18,0,0
BRDA:92,18,1,0
BRDA:95,19,0,0
BRDA:95,19,1,0
BRDA:68,20,0,0
BRDA:68,20,1,0
BRF:39
BRH:0
end_of_record
TN:
SF:app/approval/workflow/page.tsx
FN:8,WorkflowManagement
FNF:1
FNH:0
FNDA:0,WorkflowManagement
DA:3,0
DA:8,0
LF:2
LH:0
BRF:0
BRH:0
end_of_record
TN:
SF:app/approval/workflow/DecisionPanel/ActionButtons.tsx
FN:21,(anonymous_4)
FN:143,(anonymous_5)
FN:164,(anonymous_6)
FN:178,(anonymous_7)
FN:209,(anonymous_8)
FN:220,(anonymous_9)
FN:221,(anonymous_10)
FN:222,(anonymous_11)
FNF:8
FNH:0
FNDA:0,(anonymous_4)
FNDA:0,(anonymous_5)
FNDA:0,(anonymous_6)
FNDA:0,(anonymous_7)
FNDA:0,(anonymous_8)
FNDA:0,(anonymous_9)
FNDA:0,(anonymous_10)
FNDA:0,(anonymous_11)
DA:3,0
DA:21,0
DA:29,0
DA:32,0
DA:143,0
DA:144,0
DA:146,0
DA:148,0
DA:150,0
DA:152,0
DA:154,0
DA:156,0
DA:158,0
DA:160,0
DA:164,0
DA:165,0
DA:166,0
DA:168,0
DA:170,0
DA:172,0
DA:174,0
DA:178,0
DA:179,0
DA:181,0
DA:183,0
DA:185,0
DA:187,0
DA:189,0
DA:191,0
DA:193,0
DA:210,0
DA:211,0
DA:213,0
DA:214,0
DA:215,0
DA:217,0
DA:220,0
DA:221,0
DA:222,0
LF:39
LH:0
BRDA:27,0,0,0
BRDA:144,1,0,0
BRDA:146,2,0,0
BRDA:146,2,1,0
BRDA:146,2,2,0
BRDA:146,2,3,0
BRDA:146,2,4,0
BRDA:146,2,5,0
BRDA:146,2,6,0
BRDA:148,3,0,0
BRDA:148,3,1,0
BRDA:150,4,0,0
BRDA:150,4,1,0
BRDA:152,5,0,0
BRDA:152,5,1,0
BRDA:156,6,0,0
BRDA:156,6,1,0
BRDA:158,7,0,0
BRDA:158,7,1,0
BRDA:166,8,0,0
BRDA:166,8,1,0
BRDA:166,8,2,0
BRDA:166,8,3,0
BRDA:179,9,0,0
BRDA:179,9,1,0
BRDA:179,9,2,0
BRDA:179,9,3,0
BRDA:179,9,4,0
BRDA:179,9,5,0
BRDA:179,9,6,0
BRDA:203,10,0,0
BRDA:203,10,1,0
BRDA:211,11,0,0
BRDA:220,12,0,0
BRDA:220,12,1,0
BRDA:225,13,0,0
BRDA:225,13,1,0
BRDA:227,14,0,0
BRDA:227,14,1,0
BRDA:237,15,0,0
BRDA:237,15,1,0
BRDA:239,16,0,0
BRDA:239,16,1,0
BRDA:244,17,0,0
BRDA:244,17,1,0
BRDA:246,18,0,0
BRDA:246,18,1,0
BRDA:258,19,0,0
BRDA:258,19,1,0
BRDA:260,20,0,0
BRDA:260,20,1,0
BRDA:268,21,0,0
BRDA:273,22,0,0
BRDA:281,23,0,0
BRDA:281,23,1,0
BRDA:287,24,0,0
BRDA:287,24,1,0
BRDA:287,24,2,0
BRDA:299,25,0,0
BRDA:310,26,0,0
BRDA:320,27,0,0
BRDA:322,28,0,0
BRDA:322,28,1,0
BRDA:323,29,0,0
BRDA:323,29,1,0
BRDA:323,30,0,0
BRDA:323,30,1,0
BRDA:324,31,0,0
BRDA:324,31,1,0
BRDA:325,32,0,0
BRDA:325,32,1,0
BRDA:335,33,0,0
BRDA:354,34,0,0
BRF:73
BRH:0
end_of_record
TN:
SF:app/approval/workflow/DecisionPanel/ApprovalStages.tsx
FN:12,(anonymous_2)
FN:25,(anonymous_3)
FN:29,(anonymous_4)
FN:37,(anonymous_5)
FN:92,(anonymous_6)
FN:93,(anonymous_7)
FN:105,(anonymous_8)
FN:137,(anonymous_9)
FNF:8
FNH:0
FNDA:0,(anonymous_2)
FNDA:0,(anonymous_3)
FNDA:0,(anonymous_4)
FNDA:0,(anonymous_5)
FNDA:0,(anonymous_6)
FNDA:0,(anonymous_7)
FNDA:0,(anonymous_8)
FNDA:0,(anonymous_9)
DA:3,0
DA:5,0
DA:12,0
DA:17,0
DA:25,0
DA:26,0
DA:29,0
DA:30,0
DA:32,0
DA:33,0
DA:34,0
DA:37,0
DA:38,0
DA:48,0
DA:57,0
DA:92,0
DA:93,0
DA:94,0
DA:95,0
DA:102,0
DA:105,0
DA:106,0
DA:107,0
DA:108,0
DA:110,0
DA:111,0
DA:112,0
DA:115,0
DA:116,0
DA:138,0
DA:139,0
DA:140,0
DA:142,0
LF:33
LH:0
BRDA:14,0,0,0
BRDA:32,1,0,0
BRDA:33,2,0,0
BRDA:38,3,0,0
BRDA:48,4,0,0
BRDA:94,5,0,0
BRDA:108,6,0,0
BRDA:108,6,1,0
BRDA:110,7,0,0
BRDA:111,8,0,0
BRDA:111,9,0,0
BRDA:111,9,1,0
BRDA:128,10,0,0
BRDA:128,10,1,0
BRDA:129,11,0,0
BRDA:129,11,1,0
BRDA:130,12,0,0
BRDA:130,12,1,0
BRDA:149,13,0,0
BRDA:149,13,1,0
BRDA:150,14,0,0
BRDA:150,14,1,0
BRDA:155,15,0,0
BRDA:160,16,0,0
BRDA:169,17,0,0
BRDA:171,18,0,0
BRDA:171,18,1,0
BRDA:172,19,0,0
BRDA:172,19,1,0
BRDA:175,20,0,0
BRDA:194,21,0,0
BRDA:194,21,1,0
BRDA:225,22,0,0
BRDA:230,23,0,0
BRDA:230,23,1,0
BRDA:231,24,0,0
BRDA:231,24,1,0
BRDA:237,25,0,0
BRDA:237,25,1,0
BRF:39
BRH:0
end_of_record
TN:
SF:app/approval/workflow/DecisionPanel/ConditionalApproval.tsx
FN:23,(anonymous_4)
FN:137,(anonymous_5)
FN:144,(anonymous_6)
FN:158,(anonymous_7)
FN:165,(anonymous_8)
FN:166,(anonymous_9)
FN:170,(anonymous_10)
FN:176,(anonymous_11)
FN:189,(anonymous_12)
FN:209,(anonymous_13)
FN:222,(anonymous_14)
FN:237,(anonymous_15)
FN:251,(anonymous_16)
FN:285,(anonymous_17)
FN:288,(anonymous_18)
FN:305,(anonymous_19)
FN:313,(anonymous_20)
FN:317,(anonymous_21)
FN:356,(anonymous_22)
FN:359,(anonymous_23)
FNF:20
FNH:0
FNDA:0,(anonymous_4)
FNDA:0,(anonymous_5)
FNDA:0,(anonymous_6)
FNDA:0,(anonymous_7)
FNDA:0,(anonymous_8)
FNDA:0,(anonymous_9)
FNDA:0,(anonymous_10)
FNDA:0,(anonymous_11)
FNDA:0,(anonymous_12)
FNDA:0,(anonymous_13)
FNDA:0,(anonymous_14)
FNDA:0,(anonymous_15)
FNDA:0,(anonymous_16)
FNDA:0,(anonymous_17)
FNDA:0,(anonymous_18)
FNDA:0,(anonymous_19)
FNDA:0,(anonymous_20)
FNDA:0,(anonymous_21)
FNDA:0,(anonymous_22)
FNDA:0,(anonymous_23)
DA:3,0
DA:23,0
DA:29,0
DA:30,0
DA:31,0
DA:32,0
DA:35,0
DA:128,0
DA:137,0
DA:138,0
DA:139,0
DA:141,0
DA:144,0
DA:145,0
DA:148,0
DA:149,0
DA:150,0
DA:153,0
DA:154,0
DA:158,0
DA:159,0
DA:160,0
DA:161,0
DA:165,0
DA:166,0
DA:167,0
DA:170,0
DA:171,0
DA:172,0
DA:173,0
DA:176,0
DA:177,0
DA:179,0
DA:181,0
DA:183,0
DA:185,0
DA:189,0
DA:191,0
DA:209,0
DA:223,0
DA:238,0
DA:239,0
DA:240,0
DA:251,0
DA:286,0
DA:288,0
DA:305,0
DA:314,0
DA:317,0
DA:356,0
DA:359,0
LF:51
LH:0
BRDA:27,0,0,0
BRDA:138,1,0,0
BRDA:138,1,1,0
BRDA:139,2,0,0
BRDA:139,2,1,0
BRDA:141,3,0,0
BRDA:141,3,1,0
BRDA:148,4,0,0
BRDA:153,5,0,0
BRDA:159,6,0,0
BRDA:159,7,0,0
BRDA:159,7,1,0
BRDA:177,8,0,0
BRDA:177,8,1,0
BRDA:177,8,2,0
BRDA:177,8,3,0
BRDA:191,9,0,0
BRDA:191,9,1,0
BRDA:206,10,0,0
BRDA:206,10,1,0
BRDA:212,11,0,0
BRDA:212,11,1,0
BRDA:218,12,0,0
BRDA:239,13,0,0
BRDA:239,14,0,0
BRDA:239,14,1,0
BRDA:279,15,0,0
BRDA:290,16,0,0
BRDA:290,16,1,0
BRDA:335,17,0,0
BRDA:359,18,0,0
BRDA:359,18,1,0
BRDA:387,19,0,0
BRF:33
BRH:0
end_of_record
TN:
SF:app/approval/workflow/DecisionPanel/DecisionForm.tsx
FN:31,(anonymous_4)
FN:100,(anonymous_5)
FN:101,(anonymous_6)
FN:105,(anonymous_7)
FN:109,(anonymous_8)
FN:110,(anonymous_9)
FN:117,(anonymous_10)
FN:125,(anonymous_11)
FN:133,(anonymous_12)
FN:134,(anonymous_13)
FN:138,(anonymous_14)
FN:146,(anonymous_15)
FN:147,(anonymous_16)
FN:151,(anonymous_17)
FN:198,(anonymous_18)
FN:205,(anonymous_19)
FN:231,(anonymous_20)
FN:254,(anonymous_21)
FN:275,(anonymous_22)
FN:297,(anonymous_23)
FN:321,(anonymous_24)
FN:350,(anonymous_25)
FN:355,(anonymous_26)
FN:372,(anonymous_27)
FN:375,(anonymous_28)
FN:400,(anonymous_29)
FN:421,(anonymous_30)
FN:437,(anonymous_31)
FN:446,(anonymous_32)
FN:467,(anonymous_33)
FN:484,(anonymous_34)
FN:492,(anonymous_35)
FN:509,(anonymous_36)
FN:512,(anonymous_37)
FNF:34
FNH:0
FNDA:0,(anonymous_4)
FNDA:0,(anonymous_5)
FNDA:0,(anonymous_6)
FNDA:0,(anonymous_7)
FNDA:0,(anonymous_8)
FNDA:0,(anonymous_9)
FNDA:0,(anonymous_10)
FNDA:0,(anonymous_11)
FNDA:0,(anonymous_12)
FNDA:0,(anonymous_13)
FNDA:0,(anonymous_14)
FNDA:0,(anonymous_15)
FNDA:0,(anonymous_16)
FNDA:0,(anonymous_17)
FNDA:0,(anonymous_18)
FNDA:0,(anonymous_19)
FNDA:0,(anonymous_20)
FNDA:0,(anonymous_21)
FNDA:0,(anonymous_22)
FNDA:0,(anonymous_23)
FNDA:0,(anonymous_24)
FNDA:0,(anonymous_25)
FNDA:0,(anonymous_26)
FNDA:0,(anonymous_27)
FNDA:0,(anonymous_28)
FNDA:0,(anonymous_29)
FNDA:0,(anonymous_30)
FNDA:0,(anonymous_31)
FNDA:0,(anonymous_32)
FNDA:0,(anonymous_33)
FNDA:0,(anonymous_34)
FNDA:0,(anonymous_35)
FNDA:0,(anonymous_36)
FNDA:0,(anonymous_37)
DA:3,0
DA:31,0
DA:37,0
DA:47,0
DA:48,0
DA:49,0
DA:50,0
DA:53,0
DA:98,0
DA:100,0
DA:101,0
DA:102,0
DA:105,0
DA:106,0
DA:109,0
DA:110,0
DA:116,0
DA:117,0
DA:118,0
DA:119,0
DA:120,0
DA:125,0
DA:126,0
DA:127,0
DA:128,0
DA:129,0
DA:133,0
DA:134,0
DA:135,0
DA:138,0
DA:139,0
DA:140,0
DA:141,0
DA:142,0
DA:146,0
DA:147,0
DA:148,0
DA:151,0
DA:152,0
DA:155,0
DA:156,0
DA:157,0
DA:158,0
DA:162,0
DA:163,0
DA:166,0
DA:167,0
DA:170,0
DA:171,0
DA:174,0
DA:175,0
DA:178,0
DA:179,0
DA:182,0
DA:183,0
DA:186,0
DA:187,0
DA:190,0
DA:191,0
DA:194,0
DA:195,0
DA:198,0
DA:199,0
DA:200,0
DA:201,0
DA:205,0
DA:206,0
DA:207,0
DA:208,0
DA:231,0
DA:254,0
DA:275,0
DA:297,0
DA:321,0
DA:351,0
DA:355,0
DA:372,0
DA:375,0
DA:400,0
DA:421,0
DA:437,0
DA:446,0
DA:467,0
DA:485,0
DA:492,0
DA:509,0
DA:512,0
LF:87
LH:0
BRDA:35,0,0,0
BRDA:98,1,0,0
BRDA:98,1,1,0
BRDA:116,2,0,0
BRDA:126,3,0,0
BRDA:126,4,0,0
BRDA:126,4,1,0
BRDA:127,5,0,0
BRDA:127,5,1,0
BRDA:134,6,0,0
BRDA:134,6,1,0
BRDA:139,7,0,0
BRDA:139,8,0,0
BRDA:139,8,1,0
BRDA:140,9,0,0
BRDA:140,9,1,0
BRDA:147,10,0,0
BRDA:147,10,1,0
BRDA:155,11,0,0
BRDA:155,11,1,0
BRDA:157,12,0,0
BRDA:162,13,0,0
BRDA:162,14,0,0
BRDA:162,14,1,0
BRDA:166,15,0,0
BRDA:166,16,0,0
BRDA:166,16,1,0
BRDA:170,17,0,0
BRDA:170,18,0,0
BRDA:170,18,1,0
BRDA:174,19,0,0
BRDA:174,20,0,0
BRDA:174,20,1,0
BRDA:178,21,0,0
BRDA:178,22,0,0
BRDA:178,22,1,0
BRDA:182,23,0,0
BRDA:182,24,0,0
BRDA:182,24,1,0
BRDA:182,24,2,0
BRDA:186,25,0,0
BRDA:186,26,0,0
BRDA:186,26,1,0
BRDA:186,26,2,0
BRDA:190,27,0,0
BRDA:190,28,0,0
BRDA:190,28,1,0
BRDA:200,29,0,0
BRDA:234,30,0,0
BRDA:234,30,1,0
BRDA:239,31,0,0
BRDA:239,31,1,0
BRDA:242,32,0,0
BRDA:247,33,0,0
BRDA:253,34,0,0
BRDA:253,34,1,0
BRDA:257,35,0,0
BRDA:257,35,1,0
BRDA:261,36,0,0
BRDA:268,37,0,0
BRDA:274,38,0,0
BRDA:274,38,1,0
BRDA:278,39,0,0
BRDA:278,39,1,0
BRDA:282,40,0,0
BRDA:289,41,0,0
BRDA:296,42,0,0
BRDA:296,42,1,0
BRDA:299,43,0,0
BRDA:299,43,1,0
BRDA:310,44,0,0
BRDA:320,45,0,0
BRDA:320,45,1,0
BRDA:323,46,0,0
BRDA:323,46,1,0
BRDA:333,47,0,0
BRDA:341,48,0,0
BRDA:348,49,0,0
BRDA:348,49,1,0
BRDA:375,50,0,0
BRDA:375,50,1,0
BRDA:386,51,0,0
BRDA:393,52,0,0
BRDA:396,53,0,0
BRDA:399,54,0,0
BRDA:399,54,1,0
BRDA:403,55,0,0
BRDA:403,55,1,0
BRDA:407,56,0,0
BRDA:420,57,0,0
BRDA:420,57,1,0
BRDA:431,58,0,0
BRDA:436,59,0,0
BRDA:436,59,1,0
BRDA:442,60,0,0
BRDA:445,61,0,0
BRDA:445,61,1,0
BRDA:449,62,0,0
BRDA:449,62,1,0
BRDA:453,63,0,0
BRDA:461,64,0,0
BRDA:466,65,0,0
BRDA:466,65,1,0
BRDA:482,66,0,0
BRDA:482,66,1,0
BRDA:512,67,0,0
BRDA:512,67,1,0
BRDA:532,68,0,0
BRDA:532,68,1,0
BRF:109
BRH:0
end_of_record
TN:
SF:app/approval/workflow/DecisionPanel/DecisionValidation.tsx
FN:97,(anonymous_4)
FN:166,(anonymous_5)
FN:172,(anonymous_6)
FN:183,(anonymous_7)
FN:198,(anonymous_8)
FN:199,(anonymous_9)
FN:215,(anonymous_10)
FN:324,(anonymous_11)
FN:340,(anonymous_12)
FN:348,(anonymous_13)
FN:351,(anonymous_14)
FN:393,(anonymous_15)
FN:401,(anonymous_16)
FN:412,(anonymous_17)
FN:413,(anonymous_18)
FN:424,(anonymous_19)
FN:434,(anonymous_20)
FN:435,(anonymous_21)
FN:445,(anonymous_22)
FN:456,(anonymous_23)
FN:457,(anonymous_24)
FN:468,(anonymous_25)
FN:485,(anonymous_26)
FN:494,(anonymous_27)
FN:495,(anonymous_28)
FN:501,(anonymous_29)
FN:504,(anonymous_30)
FN:512,(anonymous_31)
FN:519,(anonymous_32)
FN:520,(anonymous_33)
FN:523,(anonymous_34)
FN:527,(anonymous_35)
FN:533,(anonymous_36)
FN:534,(anonymous_37)
FN:539,(anonymous_38)
FN:540,(anonymous_39)
FN:545,(anonymous_40)
FN:623,(anonymous_41)
FN:672,(anonymous_42)
FN:682,(anonymous_43)
FN:705,(anonymous_44)
FN:730,(anonymous_45)
FNF:42
FNH:0
FNDA:0,(anonymous_4)
FNDA:0,(anonymous_5)
FNDA:0,(anonymous_6)
FNDA:0,(anonymous_7)
FNDA:0,(anonymous_8)
FNDA:0,(anonymous_9)
FNDA:0,(anonymous_10)
FNDA:0,(anonymous_11)
FNDA:0,(anonymous_12)
FNDA:0,(anonymous_13)
FNDA:0,(anonymous_14)
FNDA:0,(anonymous_15)
FNDA:0,(anonymous_16)
FNDA:0,(anonymous_17)
FNDA:0,(anonymous_18)
FNDA:0,(anonymous_19)
FNDA:0,(anonymous_20)
FNDA:0,(anonymous_21)
FNDA:0,(anonymous_22)
FNDA:0,(anonymous_23)
FNDA:0,(anonymous_24)
FNDA:0,(anonymous_25)
FNDA:0,(anonymous_26)
FNDA:0,(anonymous_27)
FNDA:0,(anonymous_28)
FNDA:0,(anonymous_29)
FNDA:0,(anonymous_30)
FNDA:0,(anonymous_31)
FNDA:0,(anonymous_32)
FNDA:0,(anonymous_33)
FNDA:0,(anonymous_34)
FNDA:0,(anonymous_35)
FNDA:0,(anonymous_36)
FNDA:0,(anonymous_37)
FNDA:0,(anonymous_38)
FNDA:0,(anonymous_39)
FNDA:0,(anonymous_40)
FNDA:0,(anonymous_41)
FNDA:0,(anonymous_42)
FNDA:0,(anonymous_43)
FNDA:0,(anonymous_44)
FNDA:0,(anonymous_45)
DA:3,0
DA:97,0
DA:106,0
DA:107,0
DA:108,0
DA:109,0
DA:110,0
DA:111,0
DA:120,0
DA:166,0
DA:167,0
DA:168,0
DA:172,0
DA:173,0
DA:175,0
DA:176,0
DA:177,0
DA:178,0
DA:179,0
DA:180,0
DA:182,0
DA:183,0
DA:192,0
DA:194,0
DA:195,0
DA:197,0
DA:198,0
DA:199,0
DA:206,0
DA:209,0
DA:211,0
DA:215,0
DA:216,0
DA:217,0
DA:220,0
DA:232,0
DA:244,0
DA:245,0
DA:246,0
DA:259,0
DA:260,0
DA:272,0
DA:273,0
DA:274,0
DA:285,0
DA:286,0
DA:297,0
DA:309,0
DA:310,0
DA:321,0
DA:324,0
DA:325,0
DA:326,0
DA:329,0
DA:330,0
DA:333,0
DA:334,0
DA:337,0
DA:340,0
DA:341,0
DA:342,0
DA:343,0
DA:345,0
DA:348,0
DA:351,0
DA:352,0
DA:355,0
DA:356,0
DA:366,0
DA:367,0
DA:377,0
DA:378,0
DA:380,0
DA:381,0
DA:390,0
DA:393,0
DA:394,0
DA:403,0
DA:413,0
DA:414,0
DA:425,0
DA:435,0
DA:436,0
DA:442,0
DA:445,0
DA:447,0
DA:449,0
DA:450,0
DA:453,0
DA:456,0
DA:457,0
DA:458,0
DA:461,0
DA:462,0
DA:468,0
DA:469,0
DA:472,0
DA:473,0
DA:479,0
DA:485,0
DA:486,0
DA:487,0
DA:488,0
DA:491,0
DA:494,0
DA:495,0
DA:496,0
DA:498,0
DA:499,0
DA:501,0
DA:502,0
DA:504,0
DA:505,0
DA:508,0
DA:511,0
DA:512,0
DA:515,0
DA:519,0
DA:520,0
DA:523,0
DA:524,0
DA:526,0
DA:527,0
DA:530,0
DA:532,0
DA:533,0
DA:534,0
DA:536,0
DA:538,0
DA:539,0
DA:540,0
DA:542,0
DA:545,0
DA:546,0
DA:548,0
DA:550,0
DA:552,0
DA:554,0
DA:556,0
DA:560,0
DA:575,0
DA:624,0
DA:673,0
DA:682,0
DA:706,0
DA:730,0
LF:146
LH:0
BRDA:104,0,0,0
BRDA:167,1,0,0
BRDA:167,2,0,0
BRDA:167,2,1,0
BRDA:188,3,0,0
BRDA:188,3,1,0
BRDA:194,4,0,0
BRDA:194,4,1,0
BRDA:203,5,0,0
BRDA:203,5,1,0
BRDA:222,6,0,0
BRDA:222,6,1,0
BRDA:223,7,0,0
BRDA:223,7,1,0
BRDA:234,8,0,0
BRDA:234,8,1,0
BRDA:235,9,0,0
BRDA:235,9,1,0
BRDA:244,10,0,0
BRDA:245,11,0,0
BRDA:245,11,1,0
BRDA:248,12,0,0
BRDA:248,12,1,0
BRDA:249,13,0,0
BRDA:249,13,1,0
BRDA:262,14,0,0
BRDA:262,14,1,0
BRDA:263,15,0,0
BRDA:263,15,1,0
BRDA:272,16,0,0
BRDA:279,17,0,0
BRDA:279,17,1,0
BRDA:285,18,0,0
BRDA:299,19,0,0
BRDA:299,19,1,0
BRDA:300,20,0,0
BRDA:300,20,1,0
BRDA:312,21,0,0
BRDA:312,21,1,0
BRDA:313,22,0,0
BRDA:313,22,1,0
BRDA:329,23,0,0
BRDA:329,24,0,0
BRDA:329,24,1,0
BRDA:333,25,0,0
BRDA:333,26,0,0
BRDA:333,26,1,0
BRDA:334,27,0,0
BRDA:334,27,1,0
BRDA:345,28,0,0
BRDA:345,28,1,0
BRDA:345,28,2,0
BRDA:345,28,3,0
BRDA:355,29,0,0
BRDA:366,30,0,0
BRDA:380,31,0,0
BRDA:436,32,0,0
BRDA:436,32,1,0
BRDA:449,33,0,0
BRDA:458,34,0,0
BRDA:458,34,1,0
BRDA:461,35,0,0
BRDA:469,36,0,0
BRDA:469,36,1,0
BRDA:472,37,0,0
BRDA:491,38,0,0
BRDA:491,38,1,0
BRDA:491,38,2,0
BRDA:491,38,3,0
BRDA:496,39,0,0
BRDA:502,40,0,0
BRDA:505,41,0,0
BRDA:505,41,1,0
BRDA:505,42,0,0
BRDA:505,42,1,0
BRDA:511,43,0,0
BRDA:524,44,0,0
BRDA:527,45,0,0
BRDA:527,45,1,0
BRDA:530,46,0,0
BRDA:536,47,0,0
BRDA:540,48,0,0
BRDA:540,48,1,0
BRDA:546,49,0,0
BRDA:546,49,1,0
BRDA:546,49,2,0
BRDA:546,49,3,0
BRDA:546,49,4,0
BRDA:560,50,0,0
BRDA:560,51,0,0
BRDA:560,51,1,0
BRDA:575,52,0,0
BRDA:602,53,0,0
BRDA:602,53,1,0
BRDA:604,54,0,0
BRDA:604,54,1,0
BRDA:608,55,0,0
BRDA:608,55,1,0
BRDA:609,56,0,0
BRDA:609,56,1,0
BRDA:610,57,0,0
BRDA:610,57,1,0
BRDA:631,58,0,0
BRDA:636,59,0,0
BRDA:641,60,0,0
BRDA:650,61,0,0
BRDA:656,62,0,0
BRDA:668,63,0,0
BRDA:668,63,1,0
BRDA:680,64,0,0
BRDA:685,65,0,0
BRDA:685,65,1,0
BRDA:690,66,0,0
BRDA:690,66,1,0
BRDA:701,67,0,0
BRDA:701,67,1,0
BRDA:711,68,0,0
BRDA:720,69,0,0
BRDA:720,69,1,0
BRDA:721,70,0,0
BRDA:721,70,1,0
BRDA:722,71,0,0
BRDA:722,71,1,0
BRDA:728,72,0,0
BRDA:745,73,0,0
BRDA:757,74,0,0
BRDA:758,75,0,0
BRDA:759,76,0,0
BRDA:768,77,0,0
BRDA:768,77,1,0
BRDA:772,78,0,0
BRDA:781,79,0,0
BRDA:781,79,1,0
BRDA:783,80,0,0
BRDA:783,80,1,0
BRF:135
BRH:0
end_of_record
TN:
SF:app/approval/workflow/DecisionPanel/HierarchyEnforcement.tsx
FN:92,(anonymous_4)
FN:176,(anonymous_5)
FN:224,(anonymous_6)
FN:225,(anonymous_7)
FN:228,(anonymous_8)
FN:231,(anonymous_9)
FN:234,(anonymous_10)
FN:235,(anonymous_11)
FN:244,(anonymous_12)
FN:245,(anonymous_13)
FN:249,(anonymous_14)
FN:253,(anonymous_15)
FN:261,(anonymous_16)
FN:275,(anonymous_17)
FN:276,(anonymous_18)
FN:282,(anonymous_19)
FN:290,(anonymous_20)
FN:318,(anonymous_21)
FN:360,(anonymous_22)
FN:364,(anonymous_23)
FN:369,(anonymous_24)
FN:390,(anonymous_25)
FN:455,(anonymous_26)
FN:456,(anonymous_27)
FN:470,(anonymous_28)
FN:471,(anonymous_29)
FN:485,(anonymous_30)
FN:486,(anonymous_31)
FN:500,(anonymous_32)
FN:501,(anonymous_33)
FN:515,(anonymous_34)
FN:519,(anonymous_35)
FN:519,(anonymous_36)
FN:519,(anonymous_37)
FN:551,(anonymous_38)
FN:568,(anonymous_39)
FN:571,(anonymous_40)
FN:612,(anonymous_41)
FN:637,(anonymous_42)
FN:656,(anonymous_43)
FN:673,(anonymous_44)
FN:687,(anonymous_45)
FN:705,(anonymous_46)
FN:717,(anonymous_47)
FN:747,(anonymous_48)
FN:778,(anonymous_49)
FN:797,(anonymous_50)
FN:812,(anonymous_51)
FNF:48
FNH:0
FNDA:0,(anonymous_4)
FNDA:0,(anonymous_5)
FNDA:0,(anonymous_6)
FNDA:0,(anonymous_7)
FNDA:0,(anonymous_8)
FNDA:0,(anonymous_9)
FNDA:0,(anonymous_10)
FNDA:0,(anonymous_11)
FNDA:0,(anonymous_12)
FNDA:0,(anonymous_13)
FNDA:0,(anonymous_14)
FNDA:0,(anonymous_15)
FNDA:0,(anonymous_16)
FNDA:0,(anonymous_17)
FNDA:0,(anonymous_18)
FNDA:0,(anonymous_19)
FNDA:0,(anonymous_20)
FNDA:0,(anonymous_21)
FNDA:0,(anonymous_22)
FNDA:0,(anonymous_23)
FNDA:0,(anonymous_24)
FNDA:0,(anonymous_25)
FNDA:0,(anonymous_26)
FNDA:0,(anonymous_27)
FNDA:0,(anonymous_28)
FNDA:0,(anonymous_29)
FNDA:0,(anonymous_30)
FNDA:0,(anonymous_31)
FNDA:0,(anonymous_32)
FNDA:0,(anonymous_33)
FNDA:0,(anonymous_34)
FNDA:0,(anonymous_35)
FNDA:0,(anonymous_36)
FNDA:0,(anonymous_37)
FNDA:0,(anonymous_38)
FNDA:0,(anonymous_39)
FNDA:0,(anonymous_40)
FNDA:0,(anonymous_41)
FNDA:0,(anonymous_42)
FNDA:0,(anonymous_43)
FNDA:0,(anonymous_44)
FNDA:0,(anonymous_45)
FNDA:0,(anonymous_46)
FNDA:0,(anonymous_47)
FNDA:0,(anonymous_48)
FNDA:0,(anonymous_49)
FNDA:0,(anonymous_50)
FNDA:0,(anonymous_51)
DA:3,0
DA:92,0
DA:100,0
DA:101,0
DA:102,0
DA:111,0
DA:112,0
DA:113,0
DA:116,0
DA:176,0
DA:177,0
DA:221,0
DA:224,0
DA:225,0
DA:228,0
DA:229,0
DA:230,0
DA:231,0
DA:234,0
DA:235,0
DA:236,0
DA:239,0
DA:244,0
DA:245,0
DA:246,0
DA:249,0
DA:250,0
DA:251,0
DA:253,0
DA:255,0
DA:261,0
DA:262,0
DA:263,0
DA:265,0
DA:266,0
DA:267,0
DA:268,0
DA:272,0
DA:275,0
DA:276,0
DA:281,0
DA:282,0
DA:283,0
DA:284,0
DA:285,0
DA:290,0
DA:291,0
DA:293,0
DA:294,0
DA:297,0
DA:298,0
DA:301,0
DA:302,0
DA:305,0
DA:306,0
DA:307,0
DA:309,0
DA:310,0
DA:314,0
DA:315,0
DA:318,0
DA:319,0
DA:320,0
DA:321,0
DA:322,0
DA:323,0
DA:325,0
DA:334,0
DA:339,0
DA:340,0
DA:341,0
DA:342,0
DA:361,0
DA:364,0
DA:369,0
DA:390,0
DA:456,0
DA:457,0
DA:471,0
DA:472,0
DA:486,0
DA:487,0
DA:501,0
DA:502,0
DA:515,0
DA:519,0
DA:520,0
DA:551,0
DA:569,0
DA:572,0
DA:573,0
DA:574,0
DA:612,0
DA:637,0
DA:656,0
DA:673,0
DA:687,0
DA:705,0
DA:717,0
DA:747,0
DA:778,0
DA:797,0
DA:812,0
LF:103
LH:0
BRDA:98,0,0,0
BRDA:225,1,0,0
BRDA:225,1,1,0
BRDA:230,2,0,0
BRDA:231,3,0,0
BRDA:231,3,1,0
BRDA:236,4,0,0
BRDA:239,5,0,0
BRDA:239,5,1,0
BRDA:239,5,2,0
BRDA:239,5,3,0
BRDA:239,5,4,0
BRDA:246,6,0,0
BRDA:246,6,1,0
BRDA:251,7,0,0
BRDA:255,8,0,0
BRDA:255,8,1,0
BRDA:255,8,2,0
BRDA:267,9,0,0
BRDA:267,10,0,0
BRDA:267,10,1,0
BRDA:281,11,0,0
BRDA:293,12,0,0
BRDA:293,13,0,0
BRDA:293,13,1,0
BRDA:297,14,0,0
BRDA:297,15,0,0
BRDA:297,15,1,0
BRDA:301,16,0,0
BRDA:301,17,0,0
BRDA:301,17,1,0
BRDA:305,18,0,0
BRDA:305,19,0,0
BRDA:305,19,1,0
BRDA:309,20,0,0
BRDA:319,21,0,0
BRDA:363,22,0,0
BRDA:363,22,1,0
BRDA:364,23,0,0
BRDA:364,23,1,0
BRDA:368,24,0,0
BRDA:368,24,1,0
BRDA:369,25,0,0
BRDA:369,25,1,0
BRDA:379,26,0,0
BRDA:388,27,0,0
BRDA:390,28,0,0
BRDA:390,28,1,0
BRDA:399,29,0,0
BRDA:404,30,0,0
BRDA:404,30,1,0
BRDA:406,31,0,0
BRDA:406,31,1,0
BRDA:432,32,0,0
BRDA:442,33,0,0
BRDA:442,33,1,0
BRDA:453,34,0,0
BRDA:453,34,1,0
BRDA:468,35,0,0
BRDA:468,35,1,0
BRDA:483,36,0,0
BRDA:498,37,0,0
BRDA:515,38,0,0
BRDA:527,39,0,0
BRDA:527,39,1,0
BRDA:541,40,0,0
BRDA:546,41,0,0
BRDA:546,41,1,0
BRDA:547,42,0,0
BRDA:547,42,1,0
BRDA:562,43,0,0
BRDA:577,44,0,0
BRDA:577,44,1,0
BRDA:589,45,0,0
BRDA:589,45,1,0
BRDA:591,46,0,0
BRDA:591,46,1,0
BRDA:599,47,0,0
BRDA:615,48,0,0
BRDA:615,48,1,0
BRDA:623,49,0,0
BRDA:639,50,0,0
BRDA:639,50,1,0
BRDA:643,51,0,0
BRDA:649,52,0,0
BRDA:664,53,0,0
BRDA:672,54,0,0
BRDA:672,54,1,0
BRDA:686,55,0,0
BRDA:686,55,1,0
BRDA:728,56,0,0
BRDA:728,56,1,0
BRDA:729,57,0,0
BRDA:729,57,1,0
BRDA:730,58,0,0
BRDA:730,58,1,0
BRDA:739,59,0,0
BRDA:781,60,0,0
BRDA:781,60,1,0
BRDA:785,61,0,0
BRDA:799,62,0,0
BRDA:799,62,1,0
BRDA:803,63,0,0
BRDA:823,64,0,0
BRDA:823,64,1,0
BRF:105
BRH:0
end_of_record
TN:
SF:app/approval/workflow/DecisionPanel/OverrideControls.tsx
FN:35,(anonymous_4)
FN:132,(anonymous_5)
FN:135,(anonymous_6)
FN:143,(anonymous_7)
FN:164,(anonymous_8)
FN:180,(anonymous_9)
FN:181,(anonymous_10)
FN:187,(anonymous_11)
FN:195,(anonymous_12)
FN:202,(anonymous_13)
FN:203,(anonymous_14)
FN:207,(anonymous_15)
FN:214,(anonymous_16)
FN:215,(anonymous_17)
FN:219,(anonymous_18)
FN:225,(anonymous_19)
FN:226,(anonymous_20)
FN:234,(anonymous_21)
FN:239,(anonymous_22)
FN:243,(anonymous_23)
FN:244,(anonymous_24)
FN:247,(anonymous_25)
FN:272,(anonymous_26)
FN:300,(anonymous_27)
FN:335,(anonymous_28)
FN:347,(anonymous_29)
FN:380,(anonymous_30)
FN:383,(anonymous_31)
FN:420,(anonymous_32)
FN:443,(anonymous_33)
FN:466,(anonymous_34)
FN:485,(anonymous_35)
FN:489,(anonymous_36)
FN:505,(anonymous_37)
FN:508,(anonymous_38)
FN:531,(anonymous_39)
FN:537,(anonymous_40)
FN:544,(anonymous_41)
FN:559,(anonymous_42)
FN:571,(anonymous_43)
FN:579,(anonymous_44)
FN:602,(anonymous_45)
FN:620,(anonymous_46)
FN:629,(anonymous_47)
FN:641,(anonymous_48)
FN:660,(anonymous_49)
FN:680,(anonymous_50)
FNF:47
FNH:0
FNDA:0,(anonymous_4)
FNDA:0,(anonymous_5)
FNDA:0,(anonymous_6)
FNDA:0,(anonymous_7)
FNDA:0,(anonymous_8)
FNDA:0,(anonymous_9)
FNDA:0,(anonymous_10)
FNDA:0,(anonymous_11)
FNDA:0,(anonymous_12)
FNDA:0,(anonymous_13)
FNDA:0,(anonymous_14)
FNDA:0,(anonymous_15)
FNDA:0,(anonymous_16)
FNDA:0,(anonymous_17)
FNDA:0,(anonymous_18)
FNDA:0,(anonymous_19)
FNDA:0,(anonymous_20)
FNDA:0,(anonymous_21)
FNDA:0,(anonymous_22)
FNDA:0,(anonymous_23)
FNDA:0,(anonymous_24)
FNDA:0,(anonymous_25)
FNDA:0,(anonymous_26)
FNDA:0,(anonymous_27)
FNDA:0,(anonymous_28)
FNDA:0,(anonymous_29)
FNDA:0,(anonymous_30)
FNDA:0,(anonymous_31)
FNDA:0,(anonymous_32)
FNDA:0,(anonymous_33)
FNDA:0,(anonymous_34)
FNDA:0,(anonymous_35)
FNDA:0,(anonymous_36)
FNDA:0,(anonymous_37)
FNDA:0,(anonymous_38)
FNDA:0,(anonymous_39)
FNDA:0,(anonymous_40)
FNDA:0,(anonymous_41)
FNDA:0,(anonymous_42)
FNDA:0,(anonymous_43)
FNDA:0,(anonymous_44)
FNDA:0,(anonymous_45)
FNDA:0,(anonymous_46)
FNDA:0,(anonymous_47)
FNDA:0,(anonymous_48)
FNDA:0,(anonymous_49)
FNDA:0,(anonymous_50)
DA:3,0
DA:35,0
DA:41,0
DA:42,0
DA:55,0
DA:56,0
DA:57,0
DA:58,0
DA:61,0
DA:97,0
DA:132,0
DA:133,0
DA:135,0
DA:136,0
DA:140,0
DA:143,0
DA:144,0
DA:146,0
DA:148,0
DA:149,0
DA:151,0
DA:152,0
DA:154,0
DA:156,0
DA:157,0
DA:159,0
DA:160,0
DA:162,0
DA:164,0
DA:165,0
DA:166,0
DA:168,0
DA:170,0
DA:171,0
DA:173,0
DA:176,0
DA:177,0
DA:180,0
DA:181,0
DA:186,0
DA:187,0
DA:188,0
DA:189,0
DA:190,0
DA:195,0
DA:196,0
DA:197,0
DA:198,0
DA:202,0
DA:203,0
DA:204,0
DA:207,0
DA:208,0
DA:209,0
DA:210,0
DA:214,0
DA:215,0
DA:216,0
DA:219,0
DA:220,0
DA:221,0
DA:222,0
DA:225,0
DA:226,0
DA:231,0
DA:234,0
DA:235,0
DA:236,0
DA:237,0
DA:239,0
DA:243,0
DA:244,0
DA:247,0
DA:248,0
DA:249,0
DA:250,0
DA:251,0
DA:253,0
DA:265,0
DA:267,0
DA:272,0
DA:274,0
DA:300,0
DA:335,0
DA:348,0
DA:381,0
DA:383,0
DA:420,0
DA:443,0
DA:466,0
DA:486,0
DA:489,0
DA:505,0
DA:508,0
DA:532,0
DA:538,0
DA:544,0
DA:559,0
DA:571,0
DA:579,0
DA:602,0
DA:620,0
DA:629,0
DA:641,0
DA:660,0
DA:680,0
LF:106
LH:0
BRDA:39,0,0,0
BRDA:133,1,0,0
BRDA:136,2,0,0
BRDA:146,3,0,0
BRDA:146,3,1,0
BRDA:146,3,2,0
BRDA:146,3,3,0
BRDA:148,4,0,0
BRDA:148,5,0,0
BRDA:148,5,1,0
BRDA:151,6,0,0
BRDA:151,7,0,0
BRDA:151,7,1,0
BRDA:156,8,0,0
BRDA:156,9,0,0
BRDA:156,9,1,0
BRDA:159,10,0,0
BRDA:165,11,0,0
BRDA:165,12,0,0
BRDA:165,12,1,0
BRDA:170,13,0,0
BRDA:170,14,0,0
BRDA:170,14,1,0
BRDA:186,15,0,0
BRDA:196,16,0,0
BRDA:196,17,0,0
BRDA:196,17,1,0
BRDA:208,18,0,0
BRDA:208,19,0,0
BRDA:208,19,1,0
BRDA:235,20,0,0
BRDA:236,21,0,0
BRDA:236,22,0,0
BRDA:236,22,1,0
BRDA:248,23,0,0
BRDA:274,24,0,0
BRDA:327,25,0,0
BRDA:350,26,0,0
BRDA:350,26,1,0
BRDA:354,27,0,0
BRDA:356,28,0,0
BRDA:356,28,1,0
BRDA:373,29,0,0
BRDA:385,30,0,0
BRDA:385,30,1,0
BRDA:397,31,0,0
BRDA:397,31,1,0
BRDA:398,32,0,0
BRDA:398,32,1,0
BRDA:423,33,0,0
BRDA:423,33,1,0
BRDA:431,34,0,0
BRDA:446,35,0,0
BRDA:446,35,1,0
BRDA:450,36,0,0
BRDA:458,37,0,0
BRDA:469,38,0,0
BRDA:469,38,1,0
BRDA:473,39,0,0
BRDA:483,40,0,0
BRDA:508,41,0,0
BRDA:508,41,1,0
BRDA:518,42,0,0
BRDA:526,43,0,0
BRDA:548,44,0,0
BRDA:548,44,1,0
BRDA:549,45,0,0
BRDA:549,45,1,0
BRDA:571,46,0,0
BRDA:578,47,0,0
BRDA:578,47,1,0
BRDA:581,48,0,0
BRDA:581,48,1,0
BRDA:585,49,0,0
BRDA:594,50,0,0
BRDA:605,51,0,0
BRDA:605,51,1,0
BRDA:609,52,0,0
BRDA:625,53,0,0
BRDA:628,54,0,0
BRDA:628,54,1,0
BRDA:687,55,0,0
BRDA:699,56,0,0
BRDA:699,56,1,0
BRF:84
BRH:0
end_of_record
TN:
SF:app/approval/workflow/DecisionPanel/SLAManagement.tsx
FN:37,(anonymous_4)
FN:63,(anonymous_5)
FN:64,(anonymous_6)
FN:68,(anonymous_7)
FN:72,(anonymous_8)
FN:103,(anonymous_9)
FN:136,(anonymous_10)
FN:152,(anonymous_11)
FN:156,(anonymous_12)
FN:169,(anonymous_13)
FN:176,(anonymous_14)
FN:177,(anonymous_15)
FN:183,(anonymous_16)
FN:191,(anonymous_17)
FN:198,(anonymous_18)
FN:199,(anonymous_19)
FN:203,(anonymous_20)
FN:230,(anonymous_21)
FN:294,(anonymous_22)
FN:308,(anonymous_23)
FN:441,(anonymous_24)
FN:477,(anonymous_25)
FN:493,(anonymous_26)
FN:496,(anonymous_27)
FN:526,(anonymous_28)
FN:542,(anonymous_29)
FN:545,(anonymous_30)
FN:561,(anonymous_31)
FN:584,(anonymous_32)
FN:602,(anonymous_33)
FN:621,(anonymous_34)
FN:637,(anonymous_35)
FN:641,(anonymous_36)
FN:657,(anonymous_37)
FN:660,(anonymous_38)
FN:684,(anonymous_39)
FN:697,(anonymous_40)
FN:710,(anonymous_41)
FNF:38
FNH:0
FNDA:0,(anonymous_4)
FNDA:0,(anonymous_5)
FNDA:0,(anonymous_6)
FNDA:0,(anonymous_7)
FNDA:0,(anonymous_8)
FNDA:0,(anonymous_9)
FNDA:0,(anonymous_10)
FNDA:0,(anonymous_11)
FNDA:0,(anonymous_12)
FNDA:0,(anonymous_13)
FNDA:0,(anonymous_14)
FNDA:0,(anonymous_15)
FNDA:0,(anonymous_16)
FNDA:0,(anonymous_17)
FNDA:0,(anonymous_18)
FNDA:0,(anonymous_19)
FNDA:0,(anonymous_20)
FNDA:0,(anonymous_21)
FNDA:0,(anonymous_22)
FNDA:0,(anonymous_23)
FNDA:0,(anonymous_24)
FNDA:0,(anonymous_25)
FNDA:0,(anonymous_26)
FNDA:0,(anonymous_27)
FNDA:0,(anonymous_28)
FNDA:0,(anonymous_29)
FNDA:0,(anonymous_30)
FNDA:0,(anonymous_31)
FNDA:0,(anonymous_32)
FNDA:0,(anonymous_33)
FNDA:0,(anonymous_34)
FNDA:0,(anonymous_35)
FNDA:0,(anonymous_36)
FNDA:0,(anonymous_37)
FNDA:0,(anonymous_38)
FNDA:0,(anonymous_39)
FNDA:0,(anonymous_40)
FNDA:0,(anonymous_41)
DA:3,0
DA:37,0
DA:43,0
DA:44,0
DA:45,0
DA:46,0
DA:59,0
DA:60,0
DA:63,0
DA:64,0
DA:65,0
DA:68,0
DA:72,0
DA:73,0
DA:74,0
DA:75,0
DA:76,0
DA:78,0
DA:79,0
DA:80,0
DA:82,0
DA:83,0
DA:84,0
DA:86,0
DA:87,0
DA:89,0
DA:100,0
DA:103,0
DA:104,0
DA:106,0
DA:107,0
DA:115,0
DA:116,0
DA:124,0
DA:125,0
DA:136,0
DA:137,0
DA:138,0
DA:149,0
DA:152,0
DA:153,0
DA:156,0
DA:157,0
DA:159,0
DA:161,0
DA:163,0
DA:165,0
DA:169,0
DA:170,0
DA:171,0
DA:172,0
DA:173,0
DA:176,0
DA:177,0
DA:182,0
DA:183,0
DA:184,0
DA:185,0
DA:186,0
DA:191,0
DA:192,0
DA:193,0
DA:194,0
DA:198,0
DA:199,0
DA:200,0
DA:203,0
DA:204,0
DA:206,0
DA:207,0
DA:210,0
DA:211,0
DA:214,0
DA:215,0
DA:218,0
DA:219,0
DA:222,0
DA:223,0
DA:226,0
DA:227,0
DA:230,0
DA:231,0
DA:232,0
DA:233,0
DA:234,0
DA:236,0
DA:249,0
DA:254,0
DA:275,0
DA:294,0
DA:309,0
DA:442,0
DA:477,0
DA:494,0
DA:496,0
DA:526,0
DA:542,0
DA:546,0
DA:561,0
DA:584,0
DA:602,0
DA:621,0
DA:638,0
DA:641,0
DA:657,0
DA:660,0
DA:684,0
DA:697,0
DA:710,0
LF:109
LH:0
BRDA:41,0,0,0
BRDA:106,1,0,0
BRDA:106,1,1,0
BRDA:115,2,0,0
BRDA:115,2,1,0
BRDA:124,3,0,0
BRDA:137,4,0,0
BRDA:153,5,0,0
BRDA:153,5,1,0
BRDA:157,6,0,0
BRDA:157,6,1,0
BRDA:157,6,2,0
BRDA:157,6,3,0
BRDA:170,7,0,0
BRDA:171,8,0,0
BRDA:172,9,0,0
BRDA:182,10,0,0
BRDA:192,11,0,0
BRDA:192,12,0,0
BRDA:192,12,1,0
BRDA:206,13,0,0
BRDA:206,14,0,0
BRDA:206,14,1,0
BRDA:210,15,0,0
BRDA:210,16,0,0
BRDA:210,16,1,0
BRDA:214,17,0,0
BRDA:214,18,0,0
BRDA:214,18,1,0
BRDA:218,19,0,0
BRDA:218,20,0,0
BRDA:218,20,1,0
BRDA:222,21,0,0
BRDA:222,22,0,0
BRDA:222,22,1,0
BRDA:231,23,0,0
BRDA:292,24,0,0
BRDA:306,25,0,0
BRDA:312,26,0,0
BRDA:312,26,1,0
BRDA:313,27,0,0
BRDA:313,27,1,0
BRDA:319,28,0,0
BRDA:319,28,1,0
BRDA:320,29,0,0
BRDA:320,29,1,0
BRDA:329,30,0,0
BRDA:329,30,1,0
BRDA:330,31,0,0
BRDA:330,31,1,0
BRDA:336,32,0,0
BRDA:336,32,1,0
BRDA:337,33,0,0
BRDA:337,33,1,0
BRDA:364,34,0,0
BRDA:364,34,1,0
BRDA:366,35,0,0
BRDA:366,35,1,0
BRDA:437,36,0,0
BRDA:451,37,0,0
BRDA:469,38,0,0
BRDA:498,39,0,0
BRDA:498,39,1,0
BRDA:528,40,0,0
BRDA:528,40,1,0
BRDA:531,41,0,0
BRDA:564,42,0,0
BRDA:564,42,1,0
BRDA:572,43,0,0
BRDA:587,44,0,0
BRDA:587,44,1,0
BRDA:591,45,0,0
BRDA:605,46,0,0
BRDA:605,46,1,0
BRDA:609,47,0,0
BRDA:629,48,0,0
BRDA:635,49,0,0
BRDA:660,50,0,0
BRDA:660,50,1,0
BRDA:670,51,0,0
BRDA:721,52,0,0
BRDA:721,52,1,0
BRF:82
BRH:0
end_of_record
TN:
SF:app/components-demo/page.tsx
FN:14,ComponentsDemoPage
FN:44,(anonymous_5)
FN:45,(anonymous_6)
FN:55,(anonymous_7)
FN:56,(anonymous_8)
FN:66,(anonymous_9)
FN:77,(anonymous_10)
FN:84,(anonymous_11)
FN:90,(anonymous_12)
FN:96,(anonymous_13)
FN:101,(anonymous_14)
FN:160,(anonymous_15)
FN:183,(anonymous_16)
FN:337,(anonymous_17)
FN:338,(anonymous_18)
FNF:15
FNH:0
FNDA:0,ComponentsDemoPage
FNDA:0,(anonymous_5)
FNDA:0,(anonymous_6)
FNDA:0,(anonymous_7)
FNDA:0,(anonymous_8)
FNDA:0,(anonymous_9)
FNDA:0,(anonymous_10)
FNDA:0,(anonymous_11)
FNDA:0,(anonymous_12)
FNDA:0,(anonymous_13)
FNDA:0,(anonymous_14)
FNDA:0,(anonymous_15)
FNDA:0,(anonymous_16)
FNDA:0,(anonymous_17)
FNDA:0,(anonymous_18)
DA:3,0
DA:4,0
DA:5,0
DA:12,0
DA:14,0
DA:15,0
DA:16,0
DA:17,0
DA:18,0
DA:21,0
DA:29,0
DA:35,0
DA:44,0
DA:45,0
DA:55,0
DA:56,0
DA:66,0
DA:71,0
DA:77,0
DA:84,0
DA:90,0
DA:96,0
DA:101,0
DA:102,0
DA:160,0
DA:184,0
DA:185,0
DA:337,0
DA:339,0
DA:340,0
LF:30
LH:0
BRF:0
BRH:0
end_of_record
TN:
SF:app/dashboard/layout.tsx
FN:6,DashboardLayout
FNF:1
FNH:0
FNDA:0,DashboardLayout
DA:3,0
DA:4,0
DA:19,0
LF:3
LH:0
BRF:0
BRH:0
end_of_record
TN:
SF:app/dashboard/page.tsx
FN:19,DashboardPage
FN:92,(anonymous_3)
FN:126,(anonymous_4)
FN:127,(anonymous_5)
FN:133,(anonymous_6)
FN:159,(anonymous_7)
FN:174,(anonymous_8)
FN:185,(anonymous_9)
FN:200,(anonymous_10)
FN:212,(anonymous_11)
FN:227,(anonymous_12)
FN:239,(anonymous_13)
FN:259,(anonymous_14)
FNF:13
FNH:6
FNDA:14,DashboardPage
FNDA:0,(anonymous_3)
FNDA:28,(anonymous_4)
FNDA:28,(anonymous_5)
FNDA:28,(anonymous_6)
FNDA:28,(anonymous_7)
FNDA:0,(anonymous_8)
FNDA:0,(anonymous_9)
FNDA:0,(anonymous_10)
FNDA:0,(anonymous_11)
FNDA:0,(anonymous_12)
FNDA:28,(anonymous_13)
FNDA:0,(anonymous_14)
DA:3,1
DA:4,1
DA:5,1
DA:11,1
DA:12,1
DA:13,1
DA:14,1
DA:15,1
DA:16,1
DA:17,1
DA:19,14
DA:20,14
DA:27,14
DA:38,14
DA:44,14
DA:53,14
DA:56,14
DA:84,14
DA:92,0
DA:126,28
DA:127,28
DA:133,28
DA:160,28
DA:175,0
DA:185,0
DA:200,0
DA:213,0
DA:227,0
DA:240,28
DA:259,0
LF:30
LH:23
BRDA:45,0,0,14
BRDA:45,0,1,0
BRDA:56,1,0,0
BRDA:56,2,0,14
BRDA:56,2,1,14
BRDA:84,3,0,0
BRDA:84,4,0,14
BRDA:84,4,1,14
BRDA:89,5,0,0
BRDA:89,5,1,0
BRDA:89,5,2,0
BRDA:90,6,0,0
BRDA:90,6,1,0
BRDA:90,6,2,0
BRDA:114,7,0,14
BRDA:114,7,1,0
BRDA:118,8,0,14
BRDA:118,8,1,0
BRDA:122,9,0,14
BRDA:122,9,1,0
BRDA:126,10,0,14
BRDA:126,10,1,0
BRDA:127,11,0,14
BRDA:127,11,1,0
BRDA:133,12,0,14
BRDA:133,12,1,14
BRDA:133,13,0,28
BRDA:133,13,1,0
BRDA:141,14,0,14
BRDA:141,14,1,0
BRDA:154,15,0,0
BRDA:154,15,1,14
BRDA:181,16,0,14
BRDA:181,16,1,14
BRDA:197,17,0,14
BRDA:197,17,1,0
BRDA:197,17,2,0
BRDA:208,18,0,14
BRDA:208,18,1,0
BRDA:216,19,0,0
BRDA:216,19,1,0
BRDA:235,20,0,14
BRDA:235,20,1,14
BRDA:243,21,0,0
BRDA:243,21,1,28
BRDA:245,22,0,14
BRDA:245,22,1,14
BRDA:273,23,0,14
BRDA:273,23,1,0
BRDA:279,24,0,14
BRDA:279,24,1,0
BRDA:285,25,0,14
BRDA:285,25,1,0
BRDA:285,26,0,14
BRDA:285,26,1,0
BRDA:285,27,0,14
BRDA:285,27,1,0
BRDA:289,28,0,14
BRDA:289,28,1,0
BRDA:289,29,0,14
BRDA:289,29,1,0
BRDA:289,30,0,14
BRDA:289,30,1,0
BRDA:290,31,0,14
BRDA:290,31,1,0
BRDA:290,32,0,14
BRDA:290,32,1,0
BRDA:300,33,0,0
BRDA:300,33,1,14
BRF:69
BRH:35
end_of_record
TN:
SF:app/dashboard/admin/layout.tsx
FN:6,AdminLayout
FNF:1
FNH:0
FNDA:0,AdminLayout
DA:3,0
DA:4,0
DA:38,0
LF:3
LH:0
BRF:0
BRH:0
end_of_record
TN:
SF:app/dashboard/admin/page.tsx
FN:12,AdminPage
FNF:1
FNH:0
FNDA:0,AdminPage
DA:3,0
DA:8,0
DA:9,0
DA:10,0
DA:12,0
DA:13,0
LF:6
LH:0
BRDA:219,0,0,0
BRDA:219,0,1,0
BRDA:225,1,0,0
BRF:3
BRH:0
end_of_record
TN:
SF:app/dashboard/alerts/page.tsx
FN:183,AlertsDashboardPage
FN:189,(anonymous_6)
FN:193,(anonymous_7)
FN:197,(anonymous_8)
FN:201,(anonymous_9)
FN:205,(anonymous_10)
FN:210,(anonymous_11)
FN:219,(anonymous_12)
FN:220,(anonymous_13)
FN:221,(anonymous_14)
FN:222,(anonymous_15)
FN:263,(anonymous_16)
FN:273,(anonymous_17)
FN:283,(anonymous_18)
FN:293,(anonymous_19)
FN:303,(anonymous_20)
FN:408,(anonymous_21)
FN:416,(anonymous_22)
FN:419,(anonymous_23)
FN:494,(anonymous_24)
FNF:20
FNH:7
FNDA:5,AlertsDashboardPage
FNDA:0,(anonymous_6)
FNDA:0,(anonymous_7)
FNDA:0,(anonymous_8)
FNDA:0,(anonymous_9)
FNDA:0,(anonymous_10)
FNDA:15,(anonymous_11)
FNDA:5,(anonymous_12)
FNDA:20,(anonymous_13)
FNDA:20,(anonymous_14)
FNDA:20,(anonymous_15)
FNDA:0,(anonymous_16)
FNDA:0,(anonymous_17)
FNDA:0,(anonymous_18)
FNDA:0,(anonymous_19)
FNDA:0,(anonymous_20)
FNDA:0,(anonymous_21)
FNDA:15,(anonymous_22)
FNDA:0,(anonymous_23)
FNDA:0,(anonymous_24)
DA:3,1
DA:4,1
DA:7,1
DA:8,1
DA:9,1
DA:13,1
DA:183,5
DA:184,5
DA:185,5
DA:186,5
DA:189,5
DA:190,0
DA:193,5
DA:194,0
DA:197,5
DA:198,0
DA:201,5
DA:202,0
DA:205,5
DA:206,0
DA:207,0
DA:210,5
DA:211,15
DA:219,5
DA:220,20
DA:221,20
DA:222,20
DA:224,5
DA:227,5
DA:263,0
DA:273,0
DA:283,0
DA:293,0
DA:303,0
DA:408,0
DA:417,15
DA:419,0
DA:494,0
LF:38
LH:24
BRDA:222,0,0,20
BRDA:222,0,1,15
BRDA:265,1,0,5
BRDA:265,1,1,0
BRDA:275,2,0,0
BRDA:275,2,1,5
BRDA:285,3,0,0
BRDA:285,3,1,5
BRDA:295,4,0,0
BRDA:295,4,1,5
BRDA:305,5,0,0
BRDA:305,5,1,5
BRDA:342,6,0,5
BRDA:424,7,0,5
BRDA:424,7,1,10
BRDA:425,8,0,5
BRDA:425,8,1,5
BRDA:435,9,0,10
BRDA:435,9,1,5
BRDA:436,10,0,5
BRDA:436,10,1,0
BRDA:449,11,0,5
BRDA:460,12,0,5
BRDA:468,13,0,5
BRDA:476,14,0,5
BRDA:496,15,0,0
BRDA:496,15,1,5
BRDA:501,16,0,0
BRDA:501,16,1,5
BRF:29
BRH:21
end_of_record
TN:
SF:app/dashboard/analytics/page.tsx
FN:85,AnalyticsDashboardPage
FN:92,(anonymous_6)
FN:97,(anonymous_7)
FN:102,(anonymous_8)
FN:108,(anonymous_9)
FN:112,(anonymous_10)
FN:138,(anonymous_11)
FN:144,(anonymous_12)
FN:159,(anonymous_13)
FN:162,(anonymous_14)
FN:175,(anonymous_15)
FN:178,(anonymous_16)
FN:189,(anonymous_17)
FN:199,(anonymous_18)
FN:302,(anonymous_19)
FNF:15
FNH:3
FNDA:6,AnalyticsDashboardPage
FNDA:0,(anonymous_6)
FNDA:0,(anonymous_7)
FNDA:0,(anonymous_8)
FNDA:0,(anonymous_9)
FNDA:0,(anonymous_10)
FNDA:0,(anonymous_11)
FNDA:0,(anonymous_12)
FNDA:0,(anonymous_13)
FNDA:36,(anonymous_14)
FNDA:0,(anonymous_15)
FNDA:48,(anonymous_16)
FNDA:0,(anonymous_17)
FNDA:0,(anonymous_18)
FNDA:0,(anonymous_19)
DA:3,1
DA:4,1
DA:7,1
DA:8,1
DA:9,1
DA:12,1
DA:85,6
DA:86,6
DA:87,6
DA:88,6
DA:89,6
DA:92,6
DA:93,0
DA:94,0
DA:97,6
DA:98,0
DA:99,0
DA:102,6
DA:103,0
DA:104,0
DA:105,0
DA:108,6
DA:109,0
DA:112,6
DA:113,0
DA:138,0
DA:144,0
DA:159,0
DA:163,36
DA:175,0
DA:179,48
DA:189,0
DA:199,0
DA:302,0
LF:34
LH:18
BRDA:191,0,0,6
BRDA:191,0,1,0
BRDA:201,1,0,0
BRDA:201,1,1,6
BRDA:304,2,0,0
BRDA:304,2,1,6
BRDA:309,3,0,0
BRDA:309,3,1,6
BRF:8
BRH:4
end_of_record
TN:
SF:app/dashboard/insights/page.tsx
FN:13,InsightsPage
FN:31,(anonymous_5)
FN:47,(anonymous_6)
FN:85,(anonymous_7)
FN:93,(anonymous_8)
FN:103,(anonymous_9)
FN:159,(anonymous_10)
FN:163,(anonymous_11)
FN:171,(anonymous_12)
FN:181,(anonymous_13)
FN:191,(anonymous_14)
FN:237,(anonymous_15)
FN:343,(anonymous_16)
FN:353,(anonymous_17)
FN:449,(anonymous_18)
FN:459,(anonymous_19)
FN:493,(anonymous_20)
FN:525,(anonymous_21)
FNF:18
FNH:13
FNDA:10,InsightsPage
FNDA:10,(anonymous_5)
FNDA:20,(anonymous_6)
FNDA:121,(anonymous_7)
FNDA:10,(anonymous_8)
FNDA:10,(anonymous_9)
FNDA:0,(anonymous_10)
FNDA:20,(anonymous_11)
FNDA:0,(anonymous_12)
FNDA:0,(anonymous_13)
FNDA:1,(anonymous_14)
FNDA:2,(anonymous_15)
FNDA:30,(anonymous_16)
FNDA:0,(anonymous_17)
FNDA:0,(anonymous_18)
FNDA:10,(anonymous_19)
FNDA:10,(anonymous_20)
FNDA:20,(anonymous_21)
DA:3,1
DA:10,1
DA:11,1
DA:13,9
DA:15,10
DA:16,10
DA:17,10
DA:18,10
DA:21,10
DA:22,10
DA:23,10
DA:28,10
DA:31,10
DA:32,10
DA:34,10
DA:37,10
DA:38,10
DA:39,10
DA:42,10
DA:43,10
DA:44,0
DA:47,20
DA:48,10
DA:50,10
DA:54,10
DA:85,10
DA:86,121
DA:93,10
DA:94,10
DA:95,0
DA:96,0
DA:97,0
DA:100,10
DA:103,10
DA:104,10
DA:112,10
DA:159,0
DA:164,20
DA:171,0
DA:181,0
DA:191,1
DA:238,2
DA:344,30
DA:345,30
DA:347,30
DA:353,0
DA:450,0
DA:460,10
DA:461,10
DA:494,10
DA:526,20
LF:51
LH:42
BRDA:25,0,0,10
BRDA:25,0,1,0
BRDA:32,1,0,0
BRDA:32,2,0,10
BRDA:32,2,1,10
BRDA:32,2,2,10
BRDA:37,3,0,10
BRDA:37,3,1,0
BRDA:38,4,0,0
BRDA:38,4,1,10
BRDA:39,5,0,10
BRDA:43,6,0,10
BRDA:43,6,1,0
BRDA:44,7,0,0
BRDA:94,8,0,10
BRDA:95,9,0,0
BRDA:96,10,0,0
BRDA:112,11,0,10
BRDA:112,11,1,0
BRDA:183,12,0,9
BRDA:183,12,1,1
BRDA:193,13,0,1
BRDA:193,13,1,9
BRDA:206,14,0,9
BRDA:210,15,0,9
BRDA:210,15,1,0
BRDA:213,16,0,9
BRDA:213,16,1,0
BRDA:219,17,0,9
BRDA:219,17,1,0
BRDA:228,18,0,9
BRDA:228,18,1,0
BRDA:242,19,0,1
BRDA:242,19,1,1
BRDA:243,20,0,1
BRDA:243,20,1,0
BRDA:244,21,0,0
BRDA:244,21,1,0
BRDA:256,22,0,2
BRDA:312,23,0,10
BRDA:312,23,1,0
BRDA:312,24,0,10
BRDA:312,24,1,10
BRDA:321,25,0,10
BRDA:321,25,1,0
BRDA:321,26,0,10
BRDA:321,26,1,10
BRDA:329,27,0,10
BRDA:329,27,1,0
BRDA:351,28,0,0
BRDA:351,28,1,30
BRDA:353,29,0,0
BRDA:353,29,1,0
BRDA:358,30,0,10
BRDA:358,30,1,20
BRDA:359,31,0,10
BRDA:359,31,1,10
BRDA:362,32,0,10
BRDA:362,32,1,20
BRDA:363,33,0,10
BRDA:363,33,1,10
BRDA:374,34,0,10
BRDA:374,34,1,20
BRDA:375,35,0,10
BRDA:375,35,1,10
BRDA:382,36,0,30
BRDA:440,37,0,10
BRDA:448,38,0,0
BRDA:475,39,0,10
BRDA:480,40,0,10
BRDA:482,41,0,10
BRDA:482,41,1,0
BRDA:484,42,0,10
BRDA:484,42,1,0
BRDA:489,43,0,10
BRDA:489,43,1,10
BRDA:507,44,0,10
BRDA:507,44,1,10
BRDA:507,44,2,10
BRDA:519,45,0,10
BRDA:519,45,1,10
BRDA:530,46,0,0
BRDA:530,46,1,20
BRDA:531,47,0,0
BRDA:531,47,1,20
BRDA:534,48,0,0
BRDA:534,48,1,20
BRDA:535,49,0,0
BRDA:535,49,1,20
BRDA:551,50,0,20
BRDA:556,51,0,0
BRDA:556,51,1,0
BRDA:556,52,0,0
BRDA:556,52,1,0
BRDA:558,53,0,0
BRDA:558,53,1,0
BRF:96
BRH:61
end_of_record
TN:
SF:app/dashboard/overview/page.tsx
FN:169,DashboardOverviewPage
FN:173,(anonymous_6)
FN:177,(anonymous_7)
FN:181,(anonymous_8)
FN:185,(anonymous_9)
FN:189,(anonymous_10)
FN:196,(anonymous_11)
FN:288,(anonymous_12)
FN:293,(anonymous_13)
FN:294,(anonymous_14)
FN:295,(anonymous_15)
FN:316,(anonymous_16)
FN:354,(anonymous_17)
FNF:13
FNH:0
FNDA:0,DashboardOverviewPage
FNDA:0,(anonymous_6)
FNDA:0,(anonymous_7)
FNDA:0,(anonymous_8)
FNDA:0,(anonymous_9)
FNDA:0,(anonymous_10)
FNDA:0,(anonymous_11)
FNDA:0,(anonymous_12)
FNDA:0,(anonymous_13)
FNDA:0,(anonymous_14)
FNDA:0,(anonymous_15)
FNDA:0,(anonymous_16)
FNDA:0,(anonymous_17)
DA:3,0
DA:4,0
DA:7,0
DA:8,0
DA:9,0
DA:10,0
DA:11,0
DA:12,0
DA:13,0
DA:16,0
DA:169,0
DA:170,0
DA:173,0
DA:174,0
DA:177,0
DA:178,0
DA:181,0
DA:182,0
DA:185,0
DA:186,0
DA:189,0
DA:190,0
DA:196,0
DA:197,0
DA:289,0
DA:293,0
DA:294,0
DA:295,0
DA:317,0
DA:354,0
LF:30
LH:0
BRDA:328,0,0,0
BRDA:328,0,1,0
BRDA:330,1,0,0
BRDA:330,1,1,0
BRDA:356,2,0,0
BRDA:356,2,1,0
BRDA:361,3,0,0
BRDA:361,3,1,0
BRF:8
BRH:0
end_of_record
TN:
SF:app/dashboard/transactions/page.tsx
FN:8,TransactionsPage
FN:38,(anonymous_5)
FN:39,(anonymous_6)
FN:42,(anonymous_7)
FN:46,(anonymous_8)
FN:84,(anonymous_9)
FN:96,(anonymous_10)
FN:108,(anonymous_11)
FN:119,(anonymous_12)
FN:121,(anonymous_13)
FN:132,(anonymous_14)
FN:133,(anonymous_15)
FN:142,(anonymous_16)
FN:148,(anonymous_17)
FN:153,(anonymous_18)
FN:159,(anonymous_19)
FN:167,(anonymous_20)
FN:223,(anonymous_21)
FN:241,(anonymous_22)
FN:256,(anonymous_23)
FN:272,(anonymous_24)
FN:276,(anonymous_25)
FN:290,(anonymous_26)
FN:290,(anonymous_27)
FN:300,(anonymous_28)
FN:300,(anonymous_29)
FN:312,(anonymous_30)
FN:312,(anonymous_31)
FN:337,(anonymous_32)
FN:369,(anonymous_33)
FN:398,(anonymous_34)
FN:449,(anonymous_35)
FN:461,(anonymous_36)
FN:467,(anonymous_37)
FN:511,(anonymous_38)
FN:532,(anonymous_39)
FN:532,(anonymous_40)
FN:538,(anonymous_41)
FN:543,(anonymous_42)
FN:555,(anonymous_43)
FN:555,(anonymous_44)
FNF:41
FNH:10
FNDA:7,TransactionsPage
FNDA:7,(anonymous_5)
FNDA:0,(anonymous_6)
FNDA:7,(anonymous_7)
FNDA:6,(anonymous_8)
FNDA:6,(anonymous_9)
FNDA:0,(anonymous_10)
FNDA:0,(anonymous_11)
FNDA:0,(anonymous_12)
FNDA:0,(anonymous_13)
FNDA:0,(anonymous_14)
FNDA:0,(anonymous_15)
FNDA:0,(anonymous_16)
FNDA:0,(anonymous_17)
FNDA:0,(anonymous_18)
FNDA:14,(anonymous_19)
FNDA:14,(anonymous_20)
FNDA:1,(anonymous_21)
FNDA:0,(anonymous_22)
FNDA:0,(anonymous_23)
FNDA:0,(anonymous_24)
FNDA:14,(anonymous_25)
FNDA:0,(anonymous_26)
FNDA:0,(anonymous_27)
FNDA:0,(anonymous_28)
FNDA:0,(anonymous_29)
FNDA:0,(anonymous_30)
FNDA:0,(anonymous_31)
FNDA:0,(anonymous_32)
FNDA:0,(anonymous_33)
FNDA:0,(anonymous_34)
FNDA:0,(anonymous_35)
FNDA:14,(anonymous_36)
FNDA:0,(anonymous_37)
FNDA:0,(anonymous_38)
FNDA:0,(anonymous_39)
FNDA:0,(anonymous_40)
FNDA:0,(anonymous_41)
FNDA:0,(anonymous_42)
FNDA:0,(anonymous_43)
FNDA:0,(anonymous_44)
DA:3,1
DA:4,1
DA:5,1
DA:8,6
DA:10,7
DA:11,7
DA:12,7
DA:13,7
DA:14,7
DA:15,7
DA:16,7
DA:20,7
DA:26,7
DA:27,7
DA:30,7
DA:31,7
DA:34,7
DA:35,7
DA:38,7
DA:39,7
DA:40,0
DA:42,7
DA:46,7
DA:47,6
DA:52,6
DA:53,6
DA:54,6
DA:55,6
DA:56,6
DA:57,6
DA:58,6
DA:59,6
DA:61,6
DA:79,7
DA:81,7
DA:84,7
DA:85,6
DA:86,6
DA:87,6
DA:88,6
DA:89,6
DA:90,6
DA:91,6
DA:92,6
DA:96,7
DA:97,0
DA:98,0
DA:99,0
DA:100,0
DA:101,0
DA:102,0
DA:103,0
DA:104,0
DA:108,7
DA:109,0
DA:110,0
DA:111,0
DA:113,0
DA:115,0
DA:116,0
DA:119,7
DA:120,0
DA:121,0
DA:122,0
DA:123,0
DA:124,0
DA:126,0
DA:127,0
DA:132,7
DA:133,0
DA:134,0
DA:137,0
DA:139,0
DA:142,7
DA:143,0
DA:144,0
DA:148,7
DA:149,0
DA:150,0
DA:153,7
DA:154,0
DA:155,0
DA:159,7
DA:160,14
DA:167,7
DA:168,14
DA:223,1
DA:241,0
DA:256,0
DA:272,0
DA:277,14
DA:290,0
DA:300,0
DA:312,0
DA:337,0
DA:370,0
DA:371,0
DA:398,0
DA:450,0
DA:462,14
DA:467,0
DA:511,0
DA:532,0
DA:539,0
DA:540,0
DA:543,0
DA:555,0
LF:107
LH:57
BRDA:52,0,0,0
BRDA:53,1,0,0
BRDA:54,2,0,0
BRDA:55,3,0,0
BRDA:56,4,0,0
BRDA:57,5,0,0
BRDA:58,6,0,0
BRDA:59,7,0,0
BRDA:86,8,0,0
BRDA:87,9,0,0
BRDA:88,10,0,0
BRDA:89,11,0,0
BRDA:90,12,0,0
BRDA:90,13,0,6
BRDA:90,13,1,6
BRDA:91,14,0,0
BRDA:91,15,0,6
BRDA:91,15,1,6
BRDA:110,16,0,0
BRDA:110,16,1,0
BRDA:120,17,0,0
BRDA:122,18,0,0
BRDA:122,18,1,0
BRDA:133,19,0,0
BRDA:133,19,1,0
BRDA:321,20,0,7
BRDA:323,21,0,0
BRDA:323,21,1,0
BRDA:328,22,0,7
BRDA:347,23,0,7
BRDA:352,24,0,0
BRDA:352,24,1,0
BRDA:389,25,0,7
BRDA:418,26,0,7
BRDA:418,26,1,7
BRDA:418,27,0,7
BRDA:418,27,1,0
BRDA:418,28,0,7
BRDA:418,28,1,0
BRDA:447,29,0,0
BRDA:447,29,1,7
BRDA:484,30,0,7
BRDA:484,30,1,7
BRDA:485,31,0,7
BRDA:485,31,1,0
BRDA:486,32,0,0
BRDA:486,32,1,0
BRDA:494,33,0,7
BRDA:494,33,1,7
BRDA:496,34,0,7
BRDA:496,34,1,7
BRDA:501,35,0,14
BRDA:501,35,1,0
BRDA:502,36,0,0
BRDA:502,36,1,0
BRDA:503,37,0,0
BRDA:503,37,1,0
BRDA:524,38,0,7
BRDA:524,38,1,7
BRDA:545,39,0,0
BRDA:545,39,1,0
BRDA:568,40,0,7
BRDA:568,40,1,0
BRDA:601,41,0,0
BRDA:601,41,1,0
BRDA:603,42,0,0
BRDA:603,42,1,0
BRDA:613,43,0,0
BRDA:613,43,1,0
BRDA:614,44,0,0
BRDA:614,44,1,0
BRDA:615,45,0,0
BRDA:615,45,1,0
BRDA:642,46,0,7
BRDA:651,47,0,7
BRDA:651,47,1,7
BRDA:651,47,2,7
BRDA:651,47,3,7
BRF:78
BRH:29
end_of_record
TN:
SF:app/menu/page.tsx
FN:11,(anonymous_5)
FN:11,(anonymous_6)
FN:11,(anonymous_7)
FN:15,MenuPage
FN:19,(anonymous_10)
FNF:5
FNH:0
FNDA:0,(anonymous_5)
FNDA:0,(anonymous_6)
FNDA:0,(anonymous_7)
FNDA:0,MenuPage
FNDA:0,(anonymous_10)
DA:3,0
DA:4,0
DA:5,0
DA:6,0
DA:7,0
DA:11,0
DA:15,0
DA:16,0
DA:19,0
DA:20,0
DA:21,0
LF:11
LH:0
BRF:0
BRH:0
end_of_record
TN:
SF:app/unauthorized/page.tsx
FN:7,UnauthorizedPage
FNF:1
FNH:0
FNDA:0,UnauthorizedPage
DA:3,0
DA:4,0
DA:5,0
DA:7,0
DA:8,0
LF:5
LH:0
BRDA:31,0,0,0
BRF:1
BRH:0
end_of_record
TN:
SF:components/approval/shared/ErrorBoundary.tsx
FN:37,(anonymous_9)
FN:84,(anonymous_10)
FN:107,(anonymous_11)
FN:116,(anonymous_12)
FN:128,(anonymous_13)
FN:132,(anonymous_14)
FN:136,(anonymous_15)
FN:153,(anonymous_16)
FN:47,(anonymous_17)
FN:59,(anonymous_18)
FN:185,(anonymous_19)
FN:246,withApprovalErrorBoundary
FN:262,useErrorHandler
FN:263,(anonymous_23)
FNF:14
FNH:0
FNDA:0,(anonymous_9)
FNDA:0,(anonymous_10)
FNDA:0,(anonymous_11)
FNDA:0,(anonymous_12)
FNDA:0,(anonymous_13)
FNDA:0,(anonymous_14)
FNDA:0,(anonymous_15)
FNDA:0,(anonymous_16)
FNDA:0,(anonymous_17)
FNDA:0,(anonymous_18)
FNDA:0,(anonymous_19)
FNDA:0,withApprovalErrorBoundary
FNDA:0,useErrorHandler
FNDA:0,(anonymous_23)
DA:3,0
DA:33,0
DA:34,0
DA:35,0
DA:38,0
DA:39,0
DA:49,0
DA:51,0
DA:60,0
DA:65,0
DA:76,0
DA:77,0
DA:81,0
DA:84,0
DA:85,0
DA:88,0
DA:101,0
DA:109,0
DA:112,0
DA:116,0
DA:117,0
DA:118,0
DA:119,0
DA:128,0
DA:129,0
DA:132,0
DA:133,0
DA:136,0
DA:137,0
DA:139,0
DA:141,0
DA:143,0
DA:145,0
DA:147,0
DA:149,0
DA:153,0
DA:154,0
DA:186,0
DA:188,0
DA:189,0
DA:241,0
DA:246,0
DA:256,0
DA:258,0
DA:262,0
DA:263,0
DA:265,0
LF:47
LH:0
BRDA:117,0,0,0
BRDA:137,1,0,0
BRDA:137,1,1,0
BRDA:137,1,2,0
BRDA:137,1,3,0
BRDA:137,1,4,0
BRDA:137,1,5,0
BRDA:158,2,0,0
BRDA:76,3,0,0
BRDA:186,4,0,0
BRDA:188,5,0,0
BRDA:205,6,0,0
BRDA:205,6,1,0
BRDA:256,7,0,0
BRDA:256,7,1,0
BRF:15
BRH:0
end_of_record
TN:
SF:components/approval/shared/LoadingStates.tsx
FN:71,(anonymous_16)
FN:100,(anonymous_18)
FN:112,(anonymous_19)
FN:126,(anonymous_20)
FN:139,(anonymous_22)
FN:164,(anonymous_23)
FN:239,(anonymous_25)
FN:278,(anonymous_26)
FN:342,(anonymous_28)
FN:345,(anonymous_29)
FN:346,(anonymous_30)
FN:347,(anonymous_31)
FN:347,(anonymous_32)
FNF:13
FNH:0
FNDA:0,(anonymous_16)
FNDA:0,(anonymous_18)
FNDA:0,(anonymous_19)
FNDA:0,(anonymous_20)
FNDA:0,(anonymous_22)
FNDA:0,(anonymous_23)
FNDA:0,(anonymous_25)
FNDA:0,(anonymous_26)
FNDA:0,(anonymous_28)
FNDA:0,(anonymous_29)
FNDA:0,(anonymous_30)
FNDA:0,(anonymous_31)
FNDA:0,(anonymous_32)
DA:3,0
DA:14,0
DA:32,0
DA:69,0
DA:72,0
DA:77,0
DA:101,0
DA:113,0
DA:127,0
DA:137,0
DA:140,0
DA:164,0
DA:169,0
DA:208,0
DA:239,0
DA:248,0
DA:250,0
DA:278,0
DA:284,0
DA:319,0
DA:342,0
DA:343,0
DA:345,0
DA:346,0
DA:347,0
DA:349,0
LF:26
LH:0
BRDA:15,0,0,0
BRDA:16,1,0,0
BRDA:17,2,0,0
BRDA:18,3,0,0
BRDA:23,4,0,0
BRDA:23,4,1,0
BRDA:69,5,0,0
BRDA:165,6,0,0
BRDA:166,7,0,0
BRDA:167,8,0,0
BRDA:210,9,0,0
BRDA:212,10,0,0
BRDA:215,11,0,0
BRDA:215,11,1,0
BRDA:215,12,0,0
BRDA:215,12,1,0
BRDA:216,13,0,0
BRDA:243,14,0,0
BRDA:245,15,0,0
BRDA:246,16,0,0
BRDA:259,17,0,0
BRDA:259,17,1,0
BRDA:263,18,0,0
BRDA:280,19,0,0
BRDA:281,20,0,0
BRDA:282,21,0,0
BRDA:293,22,0,0
BRDA:324,23,0,0
BRDA:327,24,0,0
BRDA:333,25,0,0
BRDA:342,26,0,0
BRF:31
BRH:0
end_of_record
TN:
SF:components/atoms/index.ts
FNF:0
FNH:0
DA:1,0
DA:2,0
DA:3,0
DA:4,0
DA:5,0
DA:6,0
DA:7,0
DA:8,0
LF:8
LH:0
BRF:0
BRH:0
end_of_record
TN:
[...]
DA:287,0
DA:288,0
DA:291,0
DA:292,0
DA:293,0
DA:296,0
DA:297,0
DA:300,0
DA:301,0
DA:304,0
DA:305,0
DA:306,0
DA:307,0
DA:308,0
DA:311,0
DA:314,0
LF:51
LH:0
BRDA:31,0,0,0
BRDA:51,1,0,0
BRDA:121,2,0,0
BRDA:143,3,0,0
BRDA:143,3,1,0
BRF:5
BRH:0
end_of_record
TN:
SF:store/middleware/apiMiddleware.ts
FN:9,(anonymous_1)
FN:9,(anonymous_2)
FN:9,(anonymous_3)
FNF:3
FNH:0
FNDA:0,(anonymous_1)
FNDA:0,(anonymous_2)
FNDA:0,(anonymous_3)
DA:1,0
DA:3,0
DA:9,0
DA:11,0
DA:14,0
DA:15,0
DA:18,0
DA:24,0
DA:32,0
DA:33,0
DA:40,0
LF:11
LH:0
BRDA:14,0,0,0
BRDA:18,1,0,0
BRDA:19,2,0,0
BRDA:19,2,1,0
BRDA:19,2,2,0
BRDA:26,3,0,0
BRDA:26,3,1,0
BRDA:32,4,0,0
BRF:8
BRH:0
end_of_record
TN:
SF:store/middleware/sessionTimeoutMiddleware.ts
FN:5,(anonymous_1)
FN:5,(anonymous_2)
FN:5,(anonymous_3)
FNF:3
FNH:0
FNDA:0,(anonymous_1)
FNDA:0,(anonymous_2)
FNDA:0,(anonymous_3)
DA:3,0
DA:5,0
DA:6,0
DA:9,0
DA:10,0
DA:12,0
DA:13,0
DA:14,0
DA:17,0
LF:9
LH:0
BRDA:12,0,0,0
BRDA:12,1,0,0
BRDA:12,1,1,0
BRDA:12,1,2,0
BRF:4
BRH:0
end_of_record
TN:
SF:store/slices/authSlice.ts
FN:14,(anonymous_40)
FN:27,(anonymous_41)
FN:39,(anonymous_42)
FN:51,(anonymous_43)
FN:64,(anonymous_44)
FN:76,(anonymous_45)
FN:88,(anonymous_46)
FN:131,(anonymous_47)
FN:135,(anonymous_48)
FN:139,(anonymous_49)
FN:144,(anonymous_50)
FN:150,(anonymous_51)
FN:158,(anonymous_52)
FN:167,(anonymous_53)
FN:171,(anonymous_54)
FN:179,(anonymous_55)
FN:185,(anonymous_56)
FN:192,(anonymous_57)
FN:199,(anonymous_58)
FN:204,(anonymous_59)
FN:209,(anonymous_60)
FN:214,(anonymous_61)
FN:219,(anonymous_62)
FN:222,(anonymous_63)
FN:226,(anonymous_64)
FN:253,(anonymous_65)
FN:265,(anonymous_66)
FN:269,(anonymous_67)
FN:291,(anonymous_68)
FN:297,(anonymous_69)
FN:300,(anonymous_70)
FN:306,(anonymous_71)
FN:312,(anonymous_72)
FN:315,(anonymous_73)
FN:318,(anonymous_74)
FN:324,(anonymous_75)
FN:327,(anonymous_76)
FN:342,(anonymous_77)
FN:347,(anonymous_78)
FN:352,(anonymous_79)
FN:379,(anonymous_80)
FN:380,(anonymous_81)
FN:381,(anonymous_82)
FN:382,(anonymous_83)
FN:383,(anonymous_84)
FN:384,(anonymous_85)
FN:385,(anonymous_86)
FN:386,(anonymous_87)
FN:387,(anonymous_88)
FN:388,(anonymous_89)
FN:389,(anonymous_90)
FN:390,(anonymous_91)
FN:391,(anonymous_92)
FN:392,(anonymous_93)
FN:393,(anonymous_94)
FN:394,(anonymous_95)
FNF:56
FNH:30
FNDA:4,(anonymous_40)
FNDA:2,(anonymous_41)
FNDA:2,(anonymous_42)
FNDA:2,(anonymous_43)
FNDA:3,(anonymous_44)
FNDA:1,(anonymous_45)
FNDA:1,(anonymous_46)
FNDA:1,(anonymous_47)
FNDA:1,(anonymous_48)
FNDA:1,(anonymous_49)
FNDA:1,(anonymous_50)
FNDA:8,(anonymous_51)
FNDA:0,(anonymous_52)
FNDA:0,(anonymous_53)
FNDA:0,(anonymous_54)
FNDA:1,(anonymous_55)
FNDA:0,(anonymous_56)
FNDA:0,(anonymous_57)
FNDA:0,(anonymous_58)
FNDA:0,(anonymous_59)
FNDA:0,(anonymous_60)
FNDA:0,(anonymous_61)
FNDA:2,(anonymous_62)
FNDA:4,(anonymous_63)
FNDA:9,(anonymous_64)
FNDA:3,(anonymous_65)
FNDA:2,(anonymous_66)
FNDA:1,(anonymous_67)
FNDA:1,(anonymous_68)
FNDA:2,(anonymous_69)
FNDA:1,(anonymous_70)
FNDA:1,(anonymous_71)
FNDA:2,(anonymous_72)
FNDA:2,(anonymous_73)
FNDA:0,(anonymous_74)
FNDA:3,(anonymous_75)
FNDA:2,(anonymous_76)
FNDA:1,(anonymous_77)
FNDA:1,(anonymous_78)
FNDA:1,(anonymous_79)
FNDA:0,(anonymous_80)
FNDA:0,(anonymous_81)
FNDA:0,(anonymous_82)
FNDA:0,(anonymous_83)
FNDA:0,(anonymous_84)
FNDA:0,(anonymous_85)
FNDA:0,(anonymous_86)
FNDA:0,(anonymous_87)
FNDA:0,(anonymous_88)
FNDA:0,(anonymous_89)
FNDA:0,(anonymous_90)
FNDA:0,(anonymous_91)
FNDA:0,(anonymous_92)
FNDA:0,(anonymous_93)
FNDA:0,(anonymous_94)
FNDA:0,(anonymous_95)
DA:1,5
DA:9,5
DA:12,5
DA:15,4
DA:16,4
DA:17,2
DA:19,2
DA:20,2
DA:25,5
DA:28,2
DA:29,2
DA:30,1
DA:32,1
DA:37,5
DA:40,2
DA:41,2
DA:42,1
DA:44,1
DA:49,5
DA:52,2
DA:53,2
DA:54,1
DA:57,1
DA:62,5
DA:65,3
DA:66,3
DA:67,2
DA:69,1
DA:74,5
DA:77,1
DA:78,1
DA:79,1
DA:81,0
DA:86,5
DA:89,1
DA:90,1
DA:91,1
DA:93,0
DA:99,5
DA:126,5
DA:132,1
DA:136,1
DA:140,1
DA:145,1
DA:146,1
DA:147,1
DA:151,8
DA:152,8
DA:153,1
DA:154,1
DA:159,0
DA:160,0
DA:161,0
DA:162,0
DA:168,0
DA:172,0
DA:180,1
DA:181,1
DA:186,0
DA:187,0
DA:188,0
DA:193,0
DA:194,0
DA:195,0
DA:200,0
DA:205,0
DA:210,0
DA:215,0
DA:220,2
DA:223,4
DA:224,4
DA:227,9
DA:229,9
DA:231,4
DA:232,4
DA:235,5
DA:236,5
DA:237,5
DA:238,5
DA:239,5
DA:240,5
DA:241,5
DA:242,5
DA:243,5
DA:246,5
DA:247,5
DA:248,5
DA:251,9
DA:254,3
DA:255,3
DA:256,3
DA:258,3
DA:259,0
DA:260,0
DA:266,2
DA:267,2
DA:270,1
DA:271,1
DA:272,1
DA:273,1
DA:274,1
DA:275,1
DA:276,1
DA:277,1
DA:278,1
DA:279,1
DA:282,1
DA:283,1
DA:286,1
DA:287,1
DA:288,1
DA:289,1
DA:292,1
DA:293,1
DA:301,1
DA:302,1
DA:303,1
DA:304,1
DA:308,1
DA:313,2
DA:316,2
DA:320,0
DA:328,2
DA:329,1
DA:330,1
DA:331,1
DA:332,1
DA:333,1
DA:334,1
DA:335,1
DA:336,1
DA:339,1
DA:343,1
DA:348,1
DA:349,1
DA:350,1
DA:353,1
DA:359,1
DA:360,1
DA:361,1
DA:362,1
DA:363,8
DA:364,0
DA:365,0
DA:366,0
DA:367,1
DA:368,0
DA:369,0
DA:370,0
DA:371,0
DA:372,0
DA:373,0
DA:374,5
DA:376,49
DA:379,5
DA:380,5
DA:381,5
DA:382,5
DA:383,5
DA:384,5
DA:385,5
DA:386,5
DA:387,5
DA:388,5
DA:389,5
DA:390,5
DA:391,5
DA:392,5
DA:393,5
DA:394,5
LF:170
LH:140
BRDA:19,0,0,2
BRDA:19,0,1,1
BRDA:32,1,0,1
BRDA:32,1,1,0
BRDA:44,2,0,1
BRDA:44,2,1,1
BRDA:69,3,0,1
BRDA:69,3,1,1
BRDA:81,4,0,0
BRDA:81,4,1,0
BRDA:93,5,0,0
BRDA:93,5,1,0
BRDA:152,6,0,1
BRDA:159,7,0,0
BRDA:159,8,0,0
BRDA:159,8,1,0
BRDA:159,8,2,0
BRDA:195,9,0,0
BRDA:195,9,1,0
BRDA:229,10,0,4
BRDA:229,10,1,5
BRDA:232,11,0,4
BRDA:232,11,1,0
BRDA:239,12,0,5
BRDA:239,12,1,0
BRDA:241,13,0,5
BRDA:241,13,1,4
BRDA:258,14,0,0
BRDA:275,15,0,1
BRDA:275,15,1,0
BRDA:277,16,0,1
BRDA:277,16,1,0
BRDA:328,17,0,1
BRDA:328,17,1,1
BRDA:328,18,0,2
BRDA:328,18,1,1
BRDA:332,19,0,1
BRDA:332,19,1,0
BRDA:333,20,0,1
BRDA:333,20,1,0
BRDA:335,21,0,1
BRDA:350,22,0,1
BRDA:350,22,1,0
BRF:43
BRH:24
end_of_record
TN:
SF:store/slices/uiSlice.ts
FN:42,(anonymous_23)
FN:45,(anonymous_24)
FN:52,(anonymous_25)
FN:54,(anonymous_26)
FN:57,(anonymous_27)
FN:60,(anonymous_28)
FN:67,(anonymous_29)
FN:72,(anonymous_30)
FN:75,(anonymous_31)
FN:78,(anonymous_32)
FN:81,(anonymous_33)
FN:84,(anonymous_34)
FN:87,(anonymous_35)
FN:111,(anonymous_36)
FN:112,(anonymous_37)
FN:113,(anonymous_38)
FN:114,(anonymous_39)
FN:115,(anonymous_40)
FN:116,(anonymous_41)
FN:117,(anonymous_42)
FN:118,(anonymous_43)
FN:119,(anonymous_44)
FNF:22
FNH:13
FNDA:2,(anonymous_23)
FNDA:7,(anonymous_24)
FNDA:1,(anonymous_25)
FNDA:2,(anonymous_26)
FNDA:1,(anonymous_27)
FNDA:3,(anonymous_28)
FNDA:2,(anonymous_29)
FNDA:2,(anonymous_30)
FNDA:2,(anonymous_31)
FNDA:2,(anonymous_32)
FNDA:2,(anonymous_33)
FNDA:1,(anonymous_34)
FNDA:1,(anonymous_35)
FNDA:0,(anonymous_36)
FNDA:0,(anonymous_37)
FNDA:0,(anonymous_38)
FNDA:0,(anonymous_39)
FNDA:0,(anonymous_40)
FNDA:0,(anonymous_41)
FNDA:0,(anonymous_42)
FNDA:0,(anonymous_43)
FNDA:0,(anonymous_44)
DA:1,3
DA:27,3
DA:38,3
DA:43,2
DA:46,7
DA:50,7
DA:53,1
DA:54,2
DA:58,1
DA:61,3
DA:68,2
DA:69,1
DA:73,2
DA:76,2
DA:79,2
DA:82,2
DA:85,1
DA:88,1
DA:94,2
DA:95,7
DA:96,1
DA:97,1
DA:98,3
DA:99,2
DA:100,2
DA:101,2
DA:102,2
DA:103,2
DA:104,1
DA:105,1
DA:106,3
DA:108,44
DA:111,3
DA:112,3
DA:113,3
DA:114,3
DA:115,3
DA:116,3
DA:117,3
DA:118,3
DA:119,3
LF:41
LH:41
BRDA:68,0,0,1
BRF:1
BRH:1
end_of_record
TN:
SF:utils/approvalHelpers.ts
FN:14,(anonymous_25)
FN:26,(anonymous_26)
FN:38,(anonymous_27)
FN:49,(anonymous_28)
FN:60,(anonymous_29)
FN:71,(anonymous_30)
FN:81,(anonymous_31)
FN:93,(anonymous_32)
FN:122,(anonymous_33)
FN:135,(anonymous_34)
FN:140,(anonymous_35)
FN:174,(anonymous_36)
FN:211,(anonymous_37)
FN:243,(anonymous_38)
FN:252,(anonymous_39)
FN:277,(anonymous_40)
FN:289,(anonymous_41)
FN:301,(anonymous_42)
FN:332,(anonymous_43)
FN:344,(anonymous_44)
FN:352,(anonymous_45)
FN:363,(anonymous_46)
FN:367,(anonymous_47)
FN:373,(anonymous_48)
FN:381,(anonymous_49)
FN:391,(anonymous_50)
FNF:26
FNH:0
FNDA:0,(anonymous_25)
FNDA:0,(anonymous_26)
FNDA:0,(anonymous_27)
FNDA:0,(anonymous_28)
FNDA:0,(anonymous_29)
FNDA:0,(anonymous_30)
FNDA:0,(anonymous_31)
FNDA:0,(anonymous_32)
FNDA:0,(anonymous_33)
FNDA:0,(anonymous_34)
FNDA:0,(anonymous_35)
FNDA:0,(anonymous_36)
FNDA:0,(anonymous_37)
FNDA:0,(anonymous_38)
FNDA:0,(anonymous_39)
FNDA:0,(anonymous_40)
FNDA:0,(anonymous_41)
FNDA:0,(anonymous_42)
FNDA:0,(anonymous_43)
FNDA:0,(anonymous_44)
FNDA:0,(anonymous_45)
FNDA:0,(anonymous_46)
FNDA:0,(anonymous_47)
FNDA:0,(anonymous_48)
FNDA:0,(anonymous_49)
FNDA:0,(anonymous_50)
DA:14,0
DA:15,0
DA:23,0
DA:26,0
DA:27,0
DA:35,0
DA:38,0
DA:39,0
DA:46,0
DA:49,0
DA:50,0
DA:57,0
DA:60,0
DA:61,0
DA:68,0
DA:71,0
DA:72,0
DA:78,0
DA:81,0
DA:82,0
DA:88,0
DA:93,0
DA:99,0
DA:100,0
DA:104,0
DA:106,0
DA:109,0
DA:112,0
DA:115,0
DA:118,0
DA:122,0
DA:126,0
DA:135,0
DA:136,0
DA:140,0
DA:145,0
DA:148,0
DA:149,0
DA:153,0
DA:154,0
DA:155,0
DA:160,0
DA:161,0
DA:162,0
DA:166,0
DA:174,0
DA:175,0
DA:178,0
DA:179,0
DA:180,0
DA:182,0
DA:183,0
DA:184,0
DA:187,0
DA:188,0
DA:189,0
DA:190,0
DA:193,0
DA:194,0
DA:195,0
DA:196,0
DA:199,0
DA:206,0
DA:208,0
DA:211,0
DA:216,0
DA:217,0
DA:218,0
DA:220,0
DA:221,0
DA:222,0
DA:223,0
DA:226,0
DA:227,0
DA:228,0
DA:229,0
DA:231,0
DA:234,0
DA:243,0
DA:244,0
DA:252,0
DA:253,0
DA:254,0
DA:255,0
DA:257,0
DA:258,0
DA:259,0
DA:260,0
DA:261,0
DA:262,0
DA:263,0
DA:264,0
DA:265,0
DA:266,0
DA:267,0
DA:269,0
DA:277,0
DA:278,0
DA:279,0
DA:280,0
DA:281,0
DA:283,0
DA:284,0
DA:285,0
DA:286,0
DA:289,0
DA:290,0
DA:292,0
DA:293,0
DA:294,0
DA:296,0
DA:301,0
DA:332,0
DA:344,0
DA:348,0
DA:350,0
DA:352,0
DA:353,0
DA:363,0
DA:364,0
DA:367,0
DA:368,0
DA:373,0
DA:374,0
DA:375,0
DA:377,0
DA:381,0
DA:382,0
DA:383,0
DA:384,0
DA:386,0
DA:387,0
DA:391,0
DA:392,0
DA:393,0
DA:395,0
LF:136
LH:0
BRDA:23,0,0,0
BRDA:23,0,1,0
BRDA:35,1,0,0
BRDA:35,1,1,0
BRDA:46,2,0,0
BRDA:46,2,1,0
BRDA:57,3,0,0
BRDA:57,3,1,0
BRDA:68,4,0,0
BRDA:68,4,1,0
BRDA:78,5,0,0
BRDA:78,5,1,0
BRDA:88,6,0,0
BRDA:88,6,1,0
BRDA:99,7,0,0
BRDA:100,8,0,0
BRDA:100,8,1,0
BRDA:104,9,0,0
BRDA:104,9,1,0
BRDA:104,9,2,0
BRDA:104,9,3,0
BRDA:104,9,4,0
BRDA:148,10,0,0
BRDA:148,11,0,0
BRDA:148,11,1,0
BRDA:153,12,0,0
BRDA:154,13,0,0
BRDA:154,14,0,0
BRDA:154,14,1,0
BRDA:160,15,0,0
BRDA:161,16,0,0
BRDA:182,17,0,0
BRDA:182,17,1,0
BRDA:183,18,0,0
BRDA:183,18,1,0
BRDA:184,19,0,0
BRDA:188,20,0,0
BRDA:188,20,1,0
BRDA:189,21,0,0
BRDA:189,21,1,0
BRDA:190,22,0,0
BRDA:194,23,0,0
BRDA:194,23,1,0
BRDA:195,24,0,0
BRDA:195,24,1,0
BRDA:196,25,0,0
BRDA:206,26,0,0
BRDA:206,26,1,0
BRDA:226,27,0,0
BRDA:226,27,1,0
BRDA:228,28,0,0
BRDA:228,28,1,0
BRDA:243,29,0,0
BRDA:257,30,0,0
BRDA:257,30,1,0
BRDA:259,31,0,0
BRDA:259,31,1,0
BRDA:261,32,0,0
BRDA:261,32,1,0
BRDA:262,33,0,0
BRDA:262,33,1,0
BRDA:264,34,0,0
BRDA:264,34,1,0
BRDA:265,35,0,0
BRDA:265,35,1,0
BRDA:267,36,0,0
BRDA:267,36,1,0
BRDA:283,37,0,0
BRDA:284,38,0,0
BRDA:285,39,0,0
BRDA:290,40,0,0
BRDA:348,41,0,0
BRDA:353,42,0,0
BRDA:353,42,1,0
BRDA:353,42,2,0
BRDA:353,42,3,0
BRDA:353,42,4,0
BRDA:384,43,0,0
BRDA:384,43,1,0
BRF:79
BRH:0
end_of_record
TN:
SF:utils/helpers.ts
FN:7,cn
FN:14,generateId
FN:22,formatCurrency
FN:32,formatDate
FN:45,debounce
FN:50,(anonymous_14)
FN:52,(anonymous_15)
FN:59,sleep
FN:60,(anonymous_17)
FN:66,isEmpty
FN:77,truncate
FNF:11
FNH:2
FNDA:1560,cn
FNDA:71,generateId
FNDA:0,formatCurrency
FNDA:0,formatDate
FNDA:0,debounce
FNDA:0,(anonymous_14)
FNDA:0,(anonymous_15)
FNDA:0,sleep
FNDA:0,(anonymous_17)
FNDA:0,isEmpty
FNDA:0,truncate
DA:1,7
DA:7,1560
DA:8,1560
DA:14,71
DA:15,71
DA:16,71
DA:22,0
DA:23,0
DA:32,0
DA:33,0
DA:34,0
DA:45,0
DA:50,0
DA:51,0
DA:52,0
DA:59,0
DA:60,0
DA:66,0
DA:67,0
DA:68,0
DA:69,0
DA:70,0
DA:71,0
DA:77,0
DA:78,0
DA:79,0
LF:26
LH:6
BRDA:14,0,0,0
BRDA:16,1,0,71
BRDA:16,1,1,0
BRDA:22,2,0,0
BRDA:33,3,0,0
BRDA:33,3,1,0
BRDA:67,4,0,0
BRDA:68,5,0,0
BRDA:69,6,0,0
BRDA:70,7,0,0
BRDA:78,8,0,0
BRF:11
BRH:1
end_of_record
TN:
SF:utils/index.ts
FN:6,(anonymous_11)
FN:15,(anonymous_12)
FN:24,(anonymous_13)
FN:36,(anonymous_14)
FN:41,(anonymous_15)
FN:48,(anonymous_16)
FN:52,(anonymous_17)
FN:58,(anonymous_18)
FN:63,(anonymous_19)
FN:68,(anonymous_20)
FNF:10
FNH:0
FNDA:0,(anonymous_11)
FNDA:0,(anonymous_12)
FNDA:0,(anonymous_13)
FNDA:0,(anonymous_14)
FNDA:0,(anonymous_15)
FNDA:0,(anonymous_16)
FNDA:0,(anonymous_17)
FNDA:0,(anonymous_18)
FNDA:0,(anonymous_19)
FNDA:0,(anonymous_20)
DA:6,0
DA:7,0
DA:15,0
DA:16,0
DA:17,0
DA:24,0
DA:25,0
DA:26,0
DA:36,0
DA:37,0
DA:38,0
DA:41,0
DA:43,0
DA:44,0
DA:48,0
DA:49,0
DA:52,0
DA:53,0
DA:54,0
DA:58,0
DA:59,0
DA:60,0
DA:63,0
DA:64,0
DA:65,0
DA:68,0
DA:69,0
DA:70,0
LF:28
LH:0
BRDA:6,0,0,0
BRDA:16,1,0,0
BRDA:16,1,1,0
BRDA:25,2,0,0
BRDA:25,2,1,0
BRDA:53,3,0,0
BRDA:59,4,0,0
BRDA:64,5,0,0
BRDA:69,6,0,0
BRF:9
BRH:0
end_of_record
TN:
SF:utils/performanceMonitoring.tsx
FN:28,(anonymous_11)
FN:33,(anonymous_12)
FN:59,(anonymous_13)
FN:61,(anonymous_14)
FN:76,(anonymous_15)
FN:91,(anonymous_16)
FN:95,(anonymous_17)
FN:109,(anonymous_18)
FN:122,(anonymous_19)
FN:134,(anonymous_20)
FN:151,(anonymous_21)
FN:155,(anonymous_22)
FN:171,(anonymous_23)
FN:185,(anonymous_25)
FN:193,(anonymous_26)
FN:198,(anonymous_27)
FN:200,(anonymous_28)
FN:205,(anonymous_29)
FN:210,(anonymous_30)
FN:214,(anonymous_31)
FN:221,(anonymous_32)
FN:239,(anonymous_33)
FN:249,(anonymous_34)
FN:252,(anonymous_35)
FNF:24
FNH:0
FNDA:0,(anonymous_11)
FNDA:0,(anonymous_12)
FNDA:0,(anonymous_13)
FNDA:0,(anonymous_14)
FNDA:0,(anonymous_15)
FNDA:0,(anonymous_16)
FNDA:0,(anonymous_17)
FNDA:0,(anonymous_18)
FNDA:0,(anonymous_19)
FNDA:0,(anonymous_20)
FNDA:0,(anonymous_21)
FNDA:0,(anonymous_22)
FNDA:0,(anonymous_23)
FNDA:0,(anonymous_25)
FNDA:0,(anonymous_26)
FNDA:0,(anonymous_27)
FNDA:0,(anonymous_28)
FNDA:0,(anonymous_29)
FNDA:0,(anonymous_30)
FNDA:0,(anonymous_31)
FNDA:0,(anonymous_32)
FNDA:0,(anonymous_33)
FNDA:0,(anonymous_34)
FNDA:0,(anonymous_35)
DA:3,1
DA:16,11
DA:28,1
DA:29,0
DA:30,0
DA:31,0
DA:33,0
DA:34,0
DA:35,0
DA:37,0
DA:45,0
DA:46,0
DA:49,0
DA:50,0
DA:54,0
DA:55,0
DA:59,0
DA:60,0
DA:61,0
DA:62,0
DA:63,0
DA:64,0
DA:69,0
DA:76,1
DA:77,0
DA:78,0
DA:86,0
DA:91,1
DA:92,0
DA:95,0
DA:96,0
DA:97,0
DA:98,0
DA:99,0
DA:100,0
DA:106,0
DA:109,0
DA:110,0
DA:111,0
DA:112,0
DA:114,0
DA:115,0
DA:119,0
DA:122,0
DA:123,0
DA:124,0
DA:125,0
DA:126,0
DA:131,0
DA:134,0
DA:135,0
DA:136,0
DA:137,0
DA:138,0
DA:142,0
DA:143,0
DA:147,0
DA:151,1
DA:152,0
DA:154,0
DA:155,0
DA:156,0
DA:158,0
DA:159,0
DA:162,0
DA:164,0
DA:169,1
DA:175,0
DA:189,0
DA:198,0
DA:199,0
DA:200,0
DA:210,0
DA:211,0
DA:212,0
DA:213,0
DA:214,0
DA:221,1
DA:227,0
DA:229,0
DA:230,0
DA:231,0
DA:232,0
DA:233,0
DA:235,0
DA:239,1
DA:240,0
DA:241,0
DA:244,0
DA:245,0
DA:246,0
DA:249,0
DA:250,0
DA:251,0
DA:252,0
DA:253,0
DA:255,0
DA:256,0
DA:263,0
LF:99
LH:9
BRDA:45,0,0,0
BRDA:49,1,0,0
BRDA:54,2,0,0
BRDA:63,3,0,0
BRDA:92,4,0,0
BRDA:97,5,0,0
BRDA:99,6,0,0
BRDA:112,7,0,0
BRDA:112,7,1,0
BRDA:114,8,0,0
BRDA:125,9,0,0
BRDA:137,10,0,0
BRDA:142,11,0,0
BRDA:152,12,0,0
BRDA:156,13,0,0
BRDA:156,13,1,0
BRDA:158,14,0,0
BRDA:178,15,0,0
BRDA:211,16,0,0
BRDA:227,17,0,0
BRDA:230,18,0,0
BRDA:231,19,0,0
BRDA:232,20,0,0
BRDA:233,21,0,0
BRDA:233,22,0,0
BRDA:233,22,1,0
BRDA:240,23,0,0
BRDA:240,24,0,0
BRDA:240,24,1,0
BRDA:251,25,0,0
BRDA:253,26,0,0
BRDA:253,27,0,0
BRDA:253,27,1,0
BRDA:255,28,0,0
BRF:34
BRH:0
end_of_record
TN:
SF:utils/searchOptimization.ts
FN:74,(anonymous_4)
FN:81,(anonymous_5)
FN:91,(anonymous_6)
FN:105,(anonymous_7)
FN:118,(anonymous_8)
FN:121,(anonymous_9)
FN:136,(anonymous_10)
FN:141,(anonymous_11)
FN:149,(anonymous_12)
FN:165,(anonymous_13)
FN:209,(anonymous_14)
FN:229,(anonymous_15)
FN:233,(anonymous_16)
FN:234,(anonymous_17)
FN:236,(anonymous_18)
FN:245,(anonymous_19)
FN:265,(anonymous_20)
FN:281,(anonymous_21)
FN:284,(anonymous_22)
FN:294,(anonymous_23)
FN:295,(anonymous_24)
FN:296,(anonymous_25)
FN:312,(anonymous_26)
FN:318,(anonymous_27)
FN:321,(anonymous_28)
FN:330,(anonymous_29)
FN:349,(anonymous_30)
FN:366,(anonymous_31)
FN:367,(anonymous_32)
FN:380,(anonymous_33)
FN:382,(anonymous_34)
FN:390,(anonymous_35)
FN:392,(anonymous_36)
FN:399,(anonymous_37)
FN:400,(anonymous_38)
FN:406,(anonymous_39)
FN:410,(anonymous_40)
FN:416,(anonymous_41)
FN:419,(anonymous_42)
FN:424,(anonymous_43)
FN:435,(anonymous_44)
FN:439,(anonymous_45)
FN:443,(anonymous_46)
FN:444,(anonymous_47)
FN:451,(anonymous_48)
FN:460,(anonymous_49)
FN:472,(anonymous_50)
FN:476,(anonymous_51)
FN:491,(anonymous_52)
FN:505,(anonymous_53)
FN:518,(anonymous_54)
FN:519,(anonymous_55)
FN:531,(anonymous_56)
FN:536,(anonymous_57)
FN:591,(anonymous_58)
FN:593,(anonymous_59)
FN:594,(anonymous_60)
FN:596,(anonymous_61)
FN:597,(anonymous_62)
FN:598,(anonymous_63)
FN:603,(anonymous_64)
FNF:61
FNH:0
FNDA:0,(anonymous_4)
FNDA:0,(anonymous_5)
FNDA:0,(anonymous_6)
FNDA:0,(anonymous_7)
FNDA:0,(anonymous_8)
FNDA:0,(anonymous_9)
FNDA:0,(anonymous_10)
FNDA:0,(anonymous_11)
FNDA:0,(anonymous_12)
FNDA:0,(anonymous_13)
FNDA:0,(anonymous_14)
FNDA:0,(anonymous_15)
FNDA:0,(anonymous_16)
FNDA:0,(anonymous_17)
FNDA:0,(anonymous_18)
FNDA:0,(anonymous_19)
FNDA:0,(anonymous_20)
FNDA:0,(anonymous_21)
FNDA:0,(anonymous_22)
FNDA:0,(anonymous_23)
FNDA:0,(anonymous_24)
FNDA:0,(anonymous_25)
FNDA:0,(anonymous_26)
FNDA:0,(anonymous_27)
FNDA:0,(anonymous_28)
FNDA:0,(anonymous_29)
FNDA:0,(anonymous_30)
FNDA:0,(anonymous_31)
FNDA:0,(anonymous_32)
FNDA:0,(anonymous_33)
FNDA:0,(anonymous_34)
FNDA:0,(anonymous_35)
FNDA:0,(anonymous_36)
FNDA:0,(anonymous_37)
FNDA:0,(anonymous_38)
FNDA:0,(anonymous_39)
FNDA:0,(anonymous_40)
FNDA:0,(anonymous_41)
FNDA:0,(anonymous_42)
FNDA:0,(anonymous_43)
FNDA:0,(anonymous_44)
FNDA:0,(anonymous_45)
FNDA:0,(anonymous_46)
FNDA:0,(anonymous_47)
FNDA:0,(anonymous_48)
FNDA:0,(anonymous_49)
FNDA:0,(anonymous_50)
FNDA:0,(anonymous_51)
FNDA:0,(anonymous_52)
FNDA:0,(anonymous_53)
FNDA:0,(anonymous_54)
FNDA:0,(anonymous_55)
FNDA:0,(anonymous_56)
FNDA:0,(anonymous_57)
FNDA:0,(anonymous_58)
FNDA:0,(anonymous_59)
FNDA:0,(anonymous_60)
FNDA:0,(anonymous_61)
FNDA:0,(anonymous_62)
FNDA:0,(anonymous_63)
FNDA:0,(anonymous_64)
DA:55,0
DA:56,0
DA:57,0
DA:58,0
DA:59,0
DA:69,0
DA:72,0
DA:75,0
DA:76,0
DA:77,0
DA:82,0
DA:91,0
DA:92,0
DA:106,0
DA:114,0
DA:119,0
DA:121,0
DA:122,0
DA:123,0
DA:124,0
DA:125,0
DA:126,0
DA:128,0
DA:132,0
DA:141,0
DA:143,0
DA:144,0
DA:145,0
DA:149,0
DA:150,0
DA:151,0
DA:152,0
DA:154,0
DA:156,0
DA:160,0
DA:169,0
DA:170,0
DA:173,0
DA:174,0
DA:175,0
DA:176,0
DA:179,0
DA:181,0
DA:184,0
DA:187,0
DA:188,0
DA:191,0
DA:194,0
DA:197,0
DA:198,0
DA:200,0
DA:203,0
DA:204,0
DA:210,0
DA:213,0
DA:214,0
DA:215,0
DA:217,0
DA:221,0
DA:225,0
DA:230,0
DA:231,0
DA:233,0
DA:234,0
DA:235,0
DA:236,0
DA:241,0
DA:246,0
DA:248,0
DA:249,0
DA:253,0
DA:254,0
DA:255,0
DA:259,0
DA:260,0
DA:262,0
DA:267,0
DA:268,0
DA:271,0
DA:278,0
DA:283,0
DA:284,0
DA:286,0
DA:288,0
DA:289,0
DA:295,0
DA:296,0
DA:297,0
DA:298,0
DA:299,0
DA:301,0
DA:302,0
DA:305,0
DA:306,0
DA:312,0
DA:313,0
DA:314,0
DA:319,0
DA:321,0
DA:322,0
DA:323,0
DA:326,0
DA:331,0
DA:333,0
DA:334,0
DA:338,0
DA:343,0
DA:350,0
DA:351,0
DA:358,0
DA:359,0
DA:367,0
DA:368,0
DA:374,0
DA:381,0
DA:382,0
DA:383,0
DA:384,0
DA:385,0
DA:387,0
DA:391,0
DA:392,0
DA:393,0
DA:395,0
DA:400,0
DA:401,0
DA:402,0
DA:407,0
DA:408,0
DA:410,0
DA:411,0
DA:412,0
DA:416,0
DA:421,0
DA:422,0
DA:424,0
DA:425,0
DA:427,0
DA:428,0
DA:429,0
DA:436,0
DA:440,0
DA:444,0
DA:445,0
DA:446,0
DA:447,0
DA:457,0
DA:458,0
DA:460,0
DA:461,0
DA:468,0
DA:472,0
DA:489,0
DA:491,0
DA:492,0
DA:501,0
DA:514,0
DA:516,0
DA:518,0
DA:519,0
DA:520,0
DA:521,0
DA:530,0
DA:531,0
DA:545,0
DA:548,0
DA:549,0
DA:557,0
DA:558,0
DA:566,0
DA:567,0
DA:575,0
DA:576,0
DA:583,0
DA:588,0
DA:591,0
DA:592,0
DA:593,0
DA:595,0
DA:596,0
DA:597,0
DA:598,0
DA:603,0
DA:604,0
LF:184
LH:0
BRDA:123,0,0,0
BRDA:123,0,1,0
BRDA:125,1,0,0
BRDA:125,1,1,0
BRDA:125,2,0,0
BRDA:125,2,1,0
BRDA:144,3,0,0
BRDA:174,4,0,0
BRDA:213,5,0,0
BRDA:213,6,0,0
BRDA:213,6,1,0
BRDA:215,7,0,0
BRDA:215,8,0,0
BRDA:215,8,1,0
BRDA:235,9,0,0
BRDA:248,10,0,0
BRDA:253,11,0,0
BRDA:267,12,0,0
BRDA:298,13,0,0
BRDA:298,14,0,0
BRDA:298,14,1,0
BRDA:301,15,0,0
BRDA:305,16,0,0
BRDA:305,16,1,0
BRDA:333,17,0,0
BRDA:333,17,1,0
BRDA:350,18,0,0
BRDA:358,19,0,0
BRDA:411,20,0,0
BRDA:425,21,0,0
BRDA:505,22,0,0
BRDA:520,23,0,0
BRDA:548,24,0,0
BRDA:548,25,0,0
BRDA:548,25,1,0
BRDA:557,26,0,0
BRDA:557,27,0,0
BRDA:557,27,1,0
BRDA:566,28,0,0
BRDA:566,29,0,0
BRDA:566,29,1,0
BRDA:575,30,0,0
BRF:42
BRH:0
end_of_record
